[35m[Appium][39m Welcome to Appium v1.22.3
[35m[Appium][39m Non-default server args:
[35m[Appium][39m   port: 50694
[35m[Appium][39m   tmpDir: C:\Users\rizky\AppData\Local\Temp\\Katalon\Appium\Temp1691627548480
[35m[Appium][39m   chromedriverPort: 50695
[35m[Appium][39m Deprecated server args:
[35m[Appium][39m   [31m--chromedriver-port[39m => --default-capabilities
[35m[Appium][39m Default capabilities, which will be added to each request unless overridden by desired capabilities:
[35m[Appium][39m   chromedriverPort: 50695
[35m[Appium][39m Appium REST http interface listener started on 0.0.0.0:50694
[35m[HTTP][39m [37m-->[39m [37mGET[39m [37m/wd/hub/status[39m
[35m[HTTP][39m [90m{}[39m
[debug] [35m[GENERIC][39m Calling AppiumDriver.getStatus() with args: []
[debug] [35m[GENERIC][39m Responding to client with driver.getStatus() result: {"build":{"version":"1.22.3"}}
[35m[HTTP][39m [37m<-- GET /wd/hub/status [39m[32m200[39m [90m5 ms - 68[39m
[35m[HTTP][39m [90m[39m
[35m[HTTP][39m [37m-->[39m [37mGET[39m [37m/wd/hub/status[39m
[35m[HTTP][39m [90m{}[39m
[debug] [35m[GENERIC][39m Calling AppiumDriver.getStatus() with args: []
[debug] [35m[GENERIC][39m Responding to client with driver.getStatus() result: {"build":{"version":"1.22.3"}}
[35m[HTTP][39m [37m<-- GET /wd/hub/status [39m[32m200[39m [90m1 ms - 68[39m
[35m[HTTP][39m [90m[39m
[35m[HTTP][39m [37m-->[39m [37mPOST[39m [37m/wd/hub/session[39m
[35m[HTTP][39m [90m{"desiredCapabilities":{"appActivity":".Settings","appPackage":"com.android.settings","newCommandTimeout":1800,"platformVersion":"14","automationName":"uiautomator2","autoGrantPermissions":true,"platformName":"Android","udid":"emulator-5554","deviceName":"emulator-5554 (sdk_gphone64_x86_64 - Android 14)","platform":"ANDROID","systemPort":8255},"capabilities":{"firstMatch":[{"appium:appActivity":".Settings","appium:appPackage":"com.android.settings","appium:autoGrantPermissions":true,"appium:automationName":"uiautomator2","appium:deviceName":"emulator-5554 (sdk_gphone64_x86_64 - Android 14)","appium:newCommandTimeout":1800,"platform":"ANDROID","platformName":"android","appium:platformVersion":"14","appium:systemPort":8255,"appium:udid":"emulator-5554"}]}}[39m
[debug] [35m[W3C][39m Calling AppiumDriver.createSession() with args: [{"appActivity":".Settings","appPackage":"com.android.settings","newCommandTimeout":1800,"platformVersion":"14","automationName":"uiautomator2","autoGrantPermissions":true,"platformName":"Android","udid":"emulator-5554","deviceName":"emulator-5554 (sdk_gphone64_x86_64 - Android 14)","platform":"ANDROID","systemPort":8255},null,{"firstMatch":[{"appium:appActivity":".Settings","appium:appPackage":"com.android.settings","appium:autoGrantPermissions":true,"appium:automationName":"uiautomator2","appium:deviceName":"emulator-5554 (sdk_gphone64_x86_64 - Android 14)","appium:newCommandTimeout":1800,"platform":"ANDROID","platformName":"android","appium:platformVersion":"14","appium:systemPort":8255,"appium:udid":"emulator-5554"}]}]
[debug] [35m[BaseDriver][39m Event 'newSessionRequested' logged at 1691627549729 (07:32:29 GMT+0700 (Western Indonesia Time))
[35m[BaseDriver][39m The following capabilities are not standard capabilities and should have an extension prefix:
[35m[BaseDriver][39m   platform
[35m[BaseDriver][39m   chromedriverPort
[35m[Appium][39m Appium v1.22.3 creating new AndroidUiautomator2Driver (v1.70.1) session
[debug] [35m[BaseDriver][39m W3C capabilities and MJSONWP desired capabilities were provided
[debug] [35m[BaseDriver][39m Creating session with W3C capabilities: {
[debug] [35m[BaseDriver][39m   "alwaysMatch": {
[debug] [35m[BaseDriver][39m     "appium:platform": "ANDROID",
[debug] [35m[BaseDriver][39m     "platformName": "android",
[debug] [35m[BaseDriver][39m     "appium:chromedriverPort": 50695,
[debug] [35m[BaseDriver][39m     "appium:appActivity": ".Settings",
[debug] [35m[BaseDriver][39m     "appium:appPackage": "com.android.settings",
[debug] [35m[BaseDriver][39m     "appium:autoGrantPermissions": true,
[debug] [35m[BaseDriver][39m     "appium:automationName": "uiautomator2",
[debug] [35m[BaseDriver][39m     "appium:deviceName": "emulator-5554 (sdk_gphone64_x86_64 - Android 14)",
[debug] [35m[BaseDriver][39m     "appium:newCommandTimeout": 1800,
[debug] [35m[BaseDriver][39m     "appium:platformVersion": "14",
[debug] [35m[BaseDriver][39m     "appium:systemPort": 8255,
[debug] [35m[BaseDriver][39m     "appium:udid": "emulator-5554"
[debug] [35m[BaseDriver][39m   },
[debug] [35m[BaseDriver][39m   "firstMatch": [
[debug] [35m[BaseDriver][39m     {}
[debug] [35m[BaseDriver][39m   ]
[debug] [35m[BaseDriver][39m }
[35m[BaseDriver][39m The following capabilities were provided, but are not recognized by Appium:
[35m[BaseDriver][39m   platform
[35m[BaseDriver][39m Session created with session id: 31501f79-0974-4089-af19-536b7d33e1f7
[35m[UiAutomator2][39m Starting 'com.android.settings' directly on the device
[35m[ADB][39m Found 1 'build-tools' folders under 'C:\Users\rizky\.katalon\tools\android_sdk' (newest first):
[35m[ADB][39m     C:/Users/rizky/.katalon/tools/android_sdk/build-tools/29.0.3
[35m[ADB][39m Using 'adb.exe' from 'C:\Users\rizky\.katalon\tools\android_sdk\platform-tools\adb.exe'
[debug] [35m[ADB][39m Running 'C:\Users\rizky\.katalon\tools\android_sdk\platform-tools\adb.exe -P 5037 start-server'
[35m[AndroidDriver][39m Retrieving device list
[debug] [35m[ADB][39m Trying to find a connected android device
[debug] [35m[ADB][39m Getting connected devices
[debug] [35m[ADB][39m Connected devices: [{"udid":"emulator-5554","state":"device"}]
[35m[AndroidDriver][39m Using device: emulator-5554
[35m[ADB][39m Using 'adb.exe' from 'C:\Users\rizky\.katalon\tools\android_sdk\platform-tools\adb.exe'
[debug] [35m[ADB][39m Running 'C:\Users\rizky\.katalon\tools\android_sdk\platform-tools\adb.exe -P 5037 start-server'
[debug] [35m[ADB][39m Setting device id to emulator-5554
[debug] [35m[ADB][39m Running 'C:\Users\rizky\.katalon\tools\android_sdk\platform-tools\adb.exe -P 5037 -s emulator-5554 shell getprop ro.build.version.sdk'
[debug] [35m[ADB][39m Current device property 'ro.build.version.sdk': 34
[35m[ADB][39m Getting device platform version
[debug] [35m[ADB][39m Running 'C:\Users\rizky\.katalon\tools\android_sdk\platform-tools\adb.exe -P 5037 -s emulator-5554 shell getprop ro.build.version.release'
[debug] [35m[ADB][39m Current device property 'ro.build.version.release': 14
[debug] [35m[ADB][39m Device API level: 34
[35m[UiAutomator2][39m Relaxing hidden api policy
[debug] [35m[ADB][39m Running 'C:\Users\rizky\.katalon\tools\android_sdk\platform-tools\adb.exe -P 5037 -s emulator-5554 shell 'settings put global hidden_api_policy_pre_p_apps 1;settings put global hidden_api_policy_p_apps 1;settings put global hidden_api_policy 1''
[35m[AndroidDriver][39m No app sent in, not parsing package/activity
[debug] [35m[ADB][39m Running 'C:\Users\rizky\.katalon\tools\android_sdk\platform-tools\adb.exe -P 5037 -s emulator-5554 wait-for-device'
[debug] [35m[ADB][39m Running 'C:\Users\rizky\.katalon\tools\android_sdk\platform-tools\adb.exe -P 5037 -s emulator-5554 shell echo ping'
[debug] [35m[AndroidDriver][39m Pushing settings apk to device...
[debug] [35m[ADB][39m Getting install status for io.appium.settings
[debug] [35m[ADB][39m Running 'C:\Users\rizky\.katalon\tools\android_sdk\platform-tools\adb.exe -P 5037 -s emulator-5554 shell dumpsys package io.appium.settings'
[debug] [35m[ADB][39m 'io.appium.settings' is installed
[debug] [35m[ADB][39m Getting package info for 'io.appium.settings'
[debug] [35m[ADB][39m Running 'C:\Users\rizky\.katalon\tools\android_sdk\platform-tools\adb.exe -P 5037 -s emulator-5554 shell dumpsys package io.appium.settings'
[debug] [35m[ADB][39m The version name of the installed 'io.appium.settings' is greater or equal to the application version name ('3.4.0' >= '3.4.0')
[debug] [35m[ADB][39m There is no need to install/upgrade 'C:\Users\rizky\AppData\Roaming\npm\node_modules\appium\node_modules\io.appium.settings\apks\settings_apk-debug.apk'
[debug] [35m[ADB][39m Getting IDs of all 'io.appium.settings' processes
[debug] [35m[ADB][39m Running 'C:\Users\rizky\.katalon\tools\android_sdk\platform-tools\adb.exe -P 5037 -s emulator-5554 shell 'pgrep --help; echo $?''
[debug] [35m[ADB][39m Running 'C:\Users\rizky\.katalon\tools\android_sdk\platform-tools\adb.exe -P 5037 -s emulator-5554 shell pgrep -f \(\[\[:blank:\]\]\|\^\)io\.appium\.settings\(\[\[:blank:\]\]\|\$\)'
[debug] [35m[AndroidDriver][39m io.appium.settings is already running. There is no need to reset its permissions.
[debug] [35m[Logcat][39m Starting logs capture with command: C:\\Users\\rizky\\.katalon\\tools\\android_sdk\\platform-tools\\adb.exe -P 5037 -s emulator-5554 logcat -v threadtime
[debug] [35m[UiAutomator2][39m Forwarding UiAutomator2 Server port 6790 to local port 8255
[debug] [35m[ADB][39m Forwarding system: 8255 to device: 6790
[debug] [35m[ADB][39m Running 'C:\Users\rizky\.katalon\tools\android_sdk\platform-tools\adb.exe -P 5037 -s emulator-5554 forward tcp:8255 tcp:6790'
[debug] [35m[ADB][39m Getting install status for io.appium.uiautomator2.server
[debug] [35m[ADB][39m Running 'C:\Users\rizky\.katalon\tools\android_sdk\platform-tools\adb.exe -P 5037 -s emulator-5554 shell dumpsys package io.appium.uiautomator2.server'
[debug] [35m[ADB][39m 'io.appium.uiautomator2.server' is installed
[debug] [35m[ADB][39m Getting package info for 'io.appium.uiautomator2.server'
[debug] [35m[ADB][39m Running 'C:\Users\rizky\.katalon\tools\android_sdk\platform-tools\adb.exe -P 5037 -s emulator-5554 shell dumpsys package io.appium.uiautomator2.server'
[debug] [35m[ADB][39m The version name of the installed 'io.appium.uiautomator2.server' is greater or equal to the application version name ('4.27.0' >= '4.27.0')
[debug] [35m[UiAutomator2][39m io.appium.uiautomator2.server installation state: sameVersionInstalled
[debug] [35m[ADB][39m Checking app cert for C:\Users\rizky\AppData\Roaming\npm\node_modules\appium\node_modules\appium-uiautomator2-server\apks\appium-uiautomator2-server-v4.27.0.apk
[35m[ADB][39m Using 'apksigner.jar' from 'C:\Users\rizky\.katalon\tools\android_sdk\build-tools\29.0.3\lib\apksigner.jar'
[debug] [35m[ADB][39m Starting apksigner: 'C:\\Users\\rizky\\Katalon Studio\\jre\\bin\\java.exe' -Xmx1024M -Xss1m -jar C:\\Users\\rizky\\.katalon\\tools\\android_sdk\\build-tools\\29.0.3\\lib\\apksigner.jar verify --print-certs C:\\Users\\rizky\\AppData\\Roaming\\npm\\node_modules\\appium\\node_modules\\appium-uiautomator2-server\\apks\\appium-uiautomator2-server-v4.27.0.apk
[debug] [35m[ADB][39m apksigner stdout: Signer #1 certificate DN: EMAILADDRESS=android@android.com, CN=Android, OU=Android, O=Android, L=Mountain View, ST=California, C=US
[debug] [35m[ADB][39m Signer #1 certificate SHA-256 digest: a40da80a59d170caa950cf15c18c454d47a39b26989d8b640ecd745ba71bf5dc
[debug] [35m[ADB][39m Signer #1 certificate SHA-1 digest: 61ed377e85d386a8dfee6b864bd85b0bfaa5af81
[debug] [35m[ADB][39m Signer #1 certificate MD5 digest: e89b158e4bcf988ebd09eb83f5378e87
[debug] [35m[ADB][39m 
[debug] [35m[ADB][39m sha256 hash did match for 'appium-uiautomator2-server-v4.27.0.apk'
[35m[ADB][39m 'C:\Users\rizky\AppData\Roaming\npm\node_modules\appium\node_modules\appium-uiautomator2-server\apks\appium-uiautomator2-server-v4.27.0.apk' is signed with the default certificate
[debug] [35m[ADB][39m Getting install status for io.appium.uiautomator2.server.test
[debug] [35m[ADB][39m Running 'C:\Users\rizky\.katalon\tools\android_sdk\platform-tools\adb.exe -P 5037 -s emulator-5554 shell dumpsys package io.appium.uiautomator2.server.test'
[debug] [35m[ADB][39m 'io.appium.uiautomator2.server.test' is installed
[debug] [35m[ADB][39m Checking app cert for C:\Users\rizky\AppData\Roaming\npm\node_modules\appium\node_modules\appium-uiautomator2-server\apks\appium-uiautomator2-server-debug-androidTest.apk
[debug] [35m[ADB][39m Starting apksigner: 'C:\\Users\\rizky\\Katalon Studio\\jre\\bin\\java.exe' -Xmx1024M -Xss1m -jar C:\\Users\\rizky\\.katalon\\tools\\android_sdk\\build-tools\\29.0.3\\lib\\apksigner.jar verify --print-certs C:\\Users\\rizky\\AppData\\Roaming\\npm\\node_modules\\appium\\node_modules\\appium-uiautomator2-server\\apks\\appium-uiautomator2-server-debug-androidTest.apk
[debug] [35m[ADB][39m apksigner stdout: Signer #1 certificate DN: EMAILADDRESS=android@android.com, CN=Android, OU=Android, O=Android, L=Mountain View, ST=California, C=US
[debug] [35m[ADB][39m Signer #1 certificate SHA-256 digest: a40da80a59d170caa950cf15c18c454d47a39b26989d8b640ecd745ba71bf5dc
[debug] [35m[ADB][39m Signer #1 certificate SHA-1 digest: 61ed377e85d386a8dfee6b864bd85b0bfaa5af81
[debug] [35m[ADB][39m Signer #1 certificate MD5 digest: e89b158e4bcf988ebd09eb83f5378e87
[debug] [35m[ADB][39m 
[debug] [35m[ADB][39m sha256 hash did match for 'appium-uiautomator2-server-debug-androidTest.apk'
[35m[ADB][39m 'C:\Users\rizky\AppData\Roaming\npm\node_modules\appium\node_modules\appium-uiautomator2-server\apks\appium-uiautomator2-server-debug-androidTest.apk' is signed with the default certificate
[35m[UiAutomator2][39m Server packages are not going to be (re)installed
[debug] [35m[UiAutomator2][39m Waiting up to 30000ms for services to be available
[debug] [35m[ADB][39m Running 'C:\Users\rizky\.katalon\tools\android_sdk\platform-tools\adb.exe -P 5037 -s emulator-5554 shell pm list instrumentation'
[debug] [35m[UiAutomator2][39m Instrumentation target 'io.appium.uiautomator2.server.test/androidx.test.runner.AndroidJUnitRunner' is available
[35m[ADB][39m Adding packages ["io.appium.settings","io.appium.uiautomator2.server","io.appium.uiautomator2.server.test"] to Doze whitelist
[debug] [35m[ADB][39m Got the following command chunks to execute: [["dumpsys","deviceidle","whitelist","+io.appium.settings",";","dumpsys","deviceidle","whitelist","+io.appium.uiautomator2.server",";","dumpsys","deviceidle","whitelist","+io.appium.uiautomator2.server.test",";"]]
[debug] [35m[ADB][39m Running 'C:\Users\rizky\.katalon\tools\android_sdk\platform-tools\adb.exe -P 5037 -s emulator-5554 shell dumpsys deviceidle whitelist +io.appium.settings ; dumpsys deviceidle whitelist +io.appium.uiautomator2.server ; dumpsys deviceidle whitelist +io.appium.uiautomator2.server.test ;'
[debug] [35m[UiAutomator2][39m No app capability. Assuming it is already on the device
[debug] [35m[ADB][39m Getting install status for com.android.settings
[debug] [35m[ADB][39m Running 'C:\Users\rizky\.katalon\tools\android_sdk\platform-tools\adb.exe -P 5037 -s emulator-5554 shell dumpsys package com.android.settings'
[debug] [35m[ADB][39m 'com.android.settings' is installed
[debug] [35m[ADB][39m Running 'C:\Users\rizky\.katalon\tools\android_sdk\platform-tools\adb.exe -P 5037 -s emulator-5554 shell am force-stop com.android.settings'
[debug] [35m[ADB][39m Running 'C:\Users\rizky\.katalon\tools\android_sdk\platform-tools\adb.exe -P 5037 -s emulator-5554 shell pm clear com.android.settings'
[debug] [35m[ADB][39m Running 'C:\Users\rizky\.katalon\tools\android_sdk\platform-tools\adb.exe -P 5037 -s emulator-5554 shell dumpsys package com.android.settings'
[debug] [35m[ADB][39m Retrieving requested permissions
[debug] [35m[ADB][39m Retrieved 284 permissions from requested group
[debug] [35m[ADB][39m Retrieving granted permissions
[debug] [35m[ADB][39m Retrieved 178 permissions from install,runtime groups
[debug] [35m[ADB][39m Granting permissions ["android.wildlife.permission.VPN_APP_EXCLUSION_LAUNCH","android.wildlife.permission.ADVANCED_VPN_CONFIG","android.launcher.permission.READ_SETTINGS","android.launcher.permission.WRITE_SETTINGS"] to 'com.android.settings'
[debug] [35m[ADB][39m Got the following command chunks to execute: [["pm","grant","com.android.settings","android.wildlife.permission.VPN_APP_EXCLUSION_LAUNCH",";","pm","grant","com.android.settings","android.wildlife.permission.ADVANCED_VPN_CONFIG",";","pm","grant","com.android.settings","android.launcher.permission.READ_SETTINGS",";","pm","grant","com.android.settings","android.launcher.permission.WRITE_SETTINGS",";"]]
[debug] [35m[ADB][39m Running 'C:\Users\rizky\.katalon\tools\android_sdk\platform-tools\adb.exe -P 5037 -s emulator-5554 shell pm grant com.android.settings android.wildlife.permission.VPN_APP_EXCLUSION_LAUNCH ; pm grant com.android.settings android.wildlife.permission.ADVANCED_VPN_CONFIG ; pm grant com.android.settings android.launcher.permission.READ_SETTINGS ; pm grant com.android.settings android.launcher.permission.WRITE_SETTINGS ;'
[debug] [35m[AndroidDriver][39m Performed fast reset on the installed 'com.android.settings' application (stop and clear)
[debug] [35m[UiAutomator2][39m Performing shallow cleanup of automation leftovers
[debug] [35m[UiAutomator2][39m No obsolete sessions have been detected (socket hang up)
[debug] [35m[ADB][39m Running 'C:\Users\rizky\.katalon\tools\android_sdk\platform-tools\adb.exe -P 5037 -s emulator-5554 shell am force-stop io.appium.uiautomator2.server.test'
[35m[UiAutomator2][39m Starting UIAutomator2 server 4.27.0
[35m[UiAutomator2][39m Using UIAutomator2 server from 'C:\Users\rizky\AppData\Roaming\npm\node_modules\appium\node_modules\appium-uiautomator2-server\apks\appium-uiautomator2-server-v4.27.0.apk' and test from 'C:\Users\rizky\AppData\Roaming\npm\node_modules\appium\node_modules\appium-uiautomator2-server\apks\appium-uiautomator2-server-debug-androidTest.apk'
[35m[UiAutomator2][39m Waiting up to 30000ms for UiAutomator2 to be online...
[debug] [35m[ADB][39m Creating ADB subprocess with args: ["-P",5037,"-s","emulator-5554","shell","am","instrument","-w","-e","disableAnalytics",true,"io.appium.uiautomator2.server.test/androidx.test.runner.AndroidJUnitRunner"]
[debug] [35m[WD Proxy][39m Matched '/status' to command name 'getStatus'
[debug] [35m[WD Proxy][39m Proxying [GET /status] to [GET http://127.0.0.1:8255/wd/hub/status] with no body
[35m[WD Proxy][39m socket hang up
[debug] [35m[Instrumentation][39m io.appium.uiautomator2.server.test.AppiumUiAutomator2Server:
[debug] [35m[WD Proxy][39m Matched '/status' to command name 'getStatus'
[debug] [35m[WD Proxy][39m Proxying [GET /status] to [GET http://127.0.0.1:8255/wd/hub/status] with no body
[35m[WD Proxy][39m socket hang up
[debug] [35m[WD Proxy][39m Matched '/status' to command name 'getStatus'
[debug] [35m[WD Proxy][39m Proxying [GET /status] to [GET http://127.0.0.1:8255/wd/hub/status] with no body
[debug] [35m[WD Proxy][39m Got response with status 200: {"sessionId":"None","value":{"message":"UiAutomator2 Server is ready to accept commands","ready":true}}
[debug] [35m[UiAutomator2][39m The initialization of the instrumentation process took 2124ms
[debug] [35m[WD Proxy][39m Matched '/session' to command name 'createSession'
[debug] [35m[WD Proxy][39m Proxying [POST /session] to [POST http://127.0.0.1:8255/wd/hub/session] with body: {"capabilities":{"firstMatch":[{"platform":"ANDROID","webStorageEnabled":false,"takesScreenshot":true,"javascriptEnabled":true,"databaseEnabled":false,"networkConnectionEnabled":true,"locationContextEnabled":false,"warnings":{},"desired":{"platformName":"android","platform":"ANDROID","chromedriverPort":50695,"appActivity":".Settings","appPackage":"com.android.settings","autoGrantPermissions":true,"automationName":"uiautomator2","deviceName":"emulator-5554 (sdk_gphone64_x86_64 - Android 14)","newCommandTimeout":1800,"platformVersion":"14","systemPort":8255,"udid":"emulator-5554"},"platformName":"android","chromedriverPort":50695,"appActivity":".Settings","appPackage":"com.android.settings","autoGrantPermissions":true,"automationName":"uiautomator2","deviceName":"emulator-5554","newCommandTimeout":1800,"platformVersion":"14","systemPort":8255,"udid":"emulator-5554","deviceUDID":"emulator-5554"}],"alwaysMatch":{}}}
[debug] [35m[WD Proxy][39m Got response with status 200: {"sessionId":"6ebe8fbc-2539-4477-b1ab-f5250f161b5e","value":{"capabilities":{"firstMatch":[{"platform":"ANDROID","webStorageEnabled":false,"takesScreenshot":true,"javascriptEnabled":true,"databaseEnabled":false,"networkConnectionEnabled":true,"locationContextEnabled":false,"warnings":{},"desired":{"platformName":"android","platform":"ANDROID","chromedriverPort":50695,"appActivity":".Settings","appPackage":"com.android.settings","autoGrantPermissions":true,"automationName":"uiautomator2","deviceName":"emulator-5554 (sdk_gphone64_x86_64 - Android 14)","newCommandTimeout":1800,"platformVersion":"14","systemPort":8255,"udid":"emulator-5554"},"platformName":"android","chromedriverPort":50695,"appActivity":".Settings","appPackage":"com.android.settings","autoGrantPermissions":true,"automationName":"uiautomator2","deviceName":"emulator-5554","newCommandTimeout":1800,"platformVersion":"14","systemPort":8255,"udid":"emulator-5554","deviceUDID":"emulator-5554"}],"alwaysMatch":{}},"sessionId":"6ebe8fbc-2539-4477-b1ab...
[35m[WD Proxy][39m Determined the downstream protocol as 'W3C'
[debug] [35m[WD Proxy][39m Proxying [GET /appium/device/info] to [GET http://127.0.0.1:8255/wd/hub/session/6ebe8fbc-2539-4477-b1ab-f5250f161b5e/appium/device/info] with no body
[debug] [35m[WD Proxy][39m Got response with status 200: {"sessionId":"6ebe8fbc-2539-4477-b1ab-f5250f161b5e","value":{"androidId":"8414d72ffe7e7b40","apiVersion":"34","bluetooth":{"state":"ON"},"brand":"google","carrierName":"T-Mobile","displayDensity":560,"locale":"en_US","manufacturer":"Google","model":"sdk_gphone64_x86_64","networks":[{"capabilities":{"SSID":null,"linkDownBandwidthKbps":30000,"linkUpstreamBandwidthKbps":12000,"networkCapabilities":"NET_CAPABILITY_NOT_METERED,NET_CAPABILITY_INTERNET,NET_CAPABILITY_NOT_RESTRICTED,NET_CAPABILITY_TRUSTED,NET_CAPABILITY_NOT_VPN,NET_CAPABILITY_VALIDATED,NET_CAPABILITY_NOT_ROAMING,NET_CAPABILITY_FOREGROUND,NET_CAPABILITY_NOT_CONGESTED,NET_CAPABILITY_NOT_SUSPENDED","signalStrength":-50,"transportTypes":"TRANSPORT_WIFI"},"detailedState":"CONNECTED","extraInfo":"","isAvailable":true,"isConnected":true,"isFailover":false,"isRoaming":false,"state":"CONNECTED","subtype":-1,"subtypeName":"","type":1,"typeName":"WIFI"},{"capabilities":{"SSID":null,"linkDownBandwidthKbps":4300,"linkUpstreamBandwidthKbps":1800,"networkCapabil...
[debug] [35m[ADB][39m Running 'C:\Users\rizky\.katalon\tools\android_sdk\platform-tools\adb.exe -P 5037 -s emulator-5554 shell dumpsys window'
[35m[AndroidDriver][39m Screen already unlocked, doing nothing
[35m[UiAutomator2][39m Starting 'com.android.settings/.Settings and waiting for 'com.android.settings/.Settings'
[debug] [35m[ADB][39m Running 'C:\Users\rizky\.katalon\tools\android_sdk\platform-tools\adb.exe -P 5037 -s emulator-5554 shell am start -W -n com.android.settings/.Settings -S -a android.intent.action.MAIN -c android.intent.category.LAUNCHER -f 0x10200000'
[debug] [35m[WD Proxy][39m Proxying [GET /appium/device/pixel_ratio] to [GET http://127.0.0.1:8255/wd/hub/session/6ebe8fbc-2539-4477-b1ab-f5250f161b5e/appium/device/pixel_ratio] with no body
[debug] [35m[WD Proxy][39m Got response with status 200: {"sessionId":"6ebe8fbc-2539-4477-b1ab-f5250f161b5e","value":3.5}
[debug] [35m[WD Proxy][39m Matched '/appium/device/system_bars' to command name 'getSystemBars'
[debug] [35m[WD Proxy][39m Proxying [GET /appium/device/system_bars] to [GET http://127.0.0.1:8255/wd/hub/session/6ebe8fbc-2539-4477-b1ab-f5250f161b5e/appium/device/system_bars] with no body
[debug] [35m[WD Proxy][39m Got response with status 200: {"sessionId":"6ebe8fbc-2539-4477-b1ab-f5250f161b5e","value":{"statusBar":144}}
[debug] [35m[WD Proxy][39m Matched '/window/current/size' to command name 'getWindowSize'
[debug] [35m[WD Proxy][39m Proxying [GET /window/current/size] to [GET http://127.0.0.1:8255/wd/hub/session/6ebe8fbc-2539-4477-b1ab-f5250f161b5e/window/current/size] with no body
[debug] [35m[WD Proxy][39m Got response with status 200: {"sessionId":"6ebe8fbc-2539-4477-b1ab-f5250f161b5e","value":{"height":2892,"width":1440}}
[35m[Appium][39m New AndroidUiautomator2Driver session created successfully, session 31501f79-0974-4089-af19-536b7d33e1f7 added to master session list
[debug] [35m[BaseDriver][39m Event 'newSessionStarted' logged at 1691627555320 (07:32:35 GMT+0700 (Western Indonesia Time))
[debug] [35m[W3C (31501f79)][39m Cached the protocol value 'W3C' for the new session 31501f79-0974-4089-af19-536b7d33e1f7
[debug] [35m[W3C (31501f79)][39m Responding to client with driver.createSession() result: {"capabilities":{"platform":"ANDROID","webStorageEnabled":false,"takesScreenshot":true,"javascriptEnabled":true,"databaseEnabled":false,"networkConnectionEnabled":true,"locationContextEnabled":false,"warnings":{},"desired":{"platformName":"android","platform":"ANDROID","chromedriverPort":50695,"appActivity":".Settings","appPackage":"com.android.settings","autoGrantPermissions":true,"automationName":"uiautomator2","deviceName":"emulator-5554 (sdk_gphone64_x86_64 - Android 14)","newCommandTimeout":1800,"platformVersion":"14","systemPort":8255,"udid":"emulator-5554"},"platformName":"android","chromedriverPort":50695,"appActivity":".Settings","appPackage":"com.android.settings","autoGrantPermissions":true,"automationName":"uiautomator2","deviceName":"emulator-5554","newCommandTimeout":1800,"platformVersion":"14","systemPort":8255,"udid":"emulator-5554","deviceUDID":"emulator-5554","deviceApiLevel":34,"deviceScreenSize":"1440x3120","deviceScreenDensity":560,"deviceModel":"sdk_gphone64_x86_64","deviceManufacture...
[35m[HTTP][39m [37m<-- POST /wd/hub/session [39m[32m200[39m [90m5592 ms - 1195[39m
[35m[HTTP][39m [90m[39m
[35m[HTTP][39m [37m-->[39m [37mGET[39m [37m/wd/hub/session/31501f79-0974-4089-af19-536b7d33e1f7[39m
[35m[HTTP][39m [90m{}[39m
[debug] [35m[W3C (31501f79)][39m Calling AppiumDriver.getSession() with args: ["31501f79-0974-4089-af19-536b7d33e1f7"]
[debug] [35m[UiAutomator2][39m Getting session details from server to mix in
[debug] [35m[WD Proxy][39m Matched '/' to command name 'getSession'
[debug] [35m[WD Proxy][39m Proxying [GET /] to [GET http://127.0.0.1:8255/wd/hub/session/6ebe8fbc-2539-4477-b1ab-f5250f161b5e] with no body
[debug] [35m[WD Proxy][39m Got response with status 200: {"sessionId":"6ebe8fbc-2539-4477-b1ab-f5250f161b5e","value":{"lastScrollData":null}}
[debug] [35m[W3C (31501f79)][39m Responding to client with driver.getSession() result: {"platform":"ANDROID","webStorageEnabled":false,"takesScreenshot":true,"javascriptEnabled":true,"databaseEnabled":false,"networkConnectionEnabled":true,"locationContextEnabled":false,"warnings":{},"desired":{"platformName":"android","platform":"ANDROID","chromedriverPort":50695,"appActivity":".Settings","appPackage":"com.android.settings","autoGrantPermissions":true,"automationName":"uiautomator2","deviceName":"emulator-5554 (sdk_gphone64_x86_64 - Android 14)","newCommandTimeout":1800,"platformVersion":"14","systemPort":8255,"udid":"emulator-5554"},"platformName":"android","chromedriverPort":50695,"appActivity":".Settings","appPackage":"com.android.settings","autoGrantPermissions":true,"automationName":"uiautomator2","deviceName":"emulator-5554","newCommandTimeout":1800,"platformVersion":"14","systemPort":8255,"udid":"emulator-5554","deviceUDID":"emulator-5554","deviceApiLevel":34,"deviceScreenSize":"1440x3120","deviceScreenDensity":560,"deviceModel":"sdk_gphone64_x86_64","deviceManufacturer":"Google","pix...
[35m[HTTP][39m [37m<-- GET /wd/hub/session/31501f79-0974-4089-af19-536b7d33e1f7 [39m[32m200[39m [90m7 ms - 1149[39m
[35m[HTTP][39m [90m[39m
[35m[HTTP][39m [37m-->[39m [37mGET[39m [37m/wd/hub/session/31501f79-0974-4089-af19-536b7d33e1f7[39m
[35m[HTTP][39m [90m{}[39m
[debug] [35m[W3C (31501f79)][39m Calling AppiumDriver.getSession() with args: ["31501f79-0974-4089-af19-536b7d33e1f7"]
[debug] [35m[UiAutomator2][39m Getting session details from server to mix in
[debug] [35m[WD Proxy][39m Matched '/' to command name 'getSession'
[debug] [35m[WD Proxy][39m Proxying [GET /] to [GET http://127.0.0.1:8255/wd/hub/session/6ebe8fbc-2539-4477-b1ab-f5250f161b5e] with no body
[debug] [35m[WD Proxy][39m Got response with status 200: {"sessionId":"6ebe8fbc-2539-4477-b1ab-f5250f161b5e","value":{"lastScrollData":null}}
[debug] [35m[W3C (31501f79)][39m Responding to client with driver.getSession() result: {"platform":"ANDROID","webStorageEnabled":false,"takesScreenshot":true,"javascriptEnabled":true,"databaseEnabled":false,"networkConnectionEnabled":true,"locationContextEnabled":false,"warnings":{},"desired":{"platformName":"android","platform":"ANDROID","chromedriverPort":50695,"appActivity":".Settings","appPackage":"com.android.settings","autoGrantPermissions":true,"automationName":"uiautomator2","deviceName":"emulator-5554 (sdk_gphone64_x86_64 - Android 14)","newCommandTimeout":1800,"platformVersion":"14","systemPort":8255,"udid":"emulator-5554"},"platformName":"android","chromedriverPort":50695,"appActivity":".Settings","appPackage":"com.android.settings","autoGrantPermissions":true,"automationName":"uiautomator2","deviceName":"emulator-5554","newCommandTimeout":1800,"platformVersion":"14","systemPort":8255,"udid":"emulator-5554","deviceUDID":"emulator-5554","deviceApiLevel":34,"deviceScreenSize":"1440x3120","deviceScreenDensity":560,"deviceModel":"sdk_gphone64_x86_64","deviceManufacturer":"Google","pix...
[35m[HTTP][39m [37m<-- GET /wd/hub/session/31501f79-0974-4089-af19-536b7d33e1f7 [39m[32m200[39m [90m6 ms - 1149[39m
[35m[HTTP][39m [90m[39m
[35m[HTTP][39m [37m-->[39m [37mGET[39m [37m/wd/hub/status[39m
[35m[HTTP][39m [90m{}[39m
[debug] [35m[GENERIC][39m Calling AppiumDriver.getStatus() with args: []
[debug] [35m[GENERIC][39m Responding to client with driver.getStatus() result: {"build":{"version":"1.22.3"}}
[35m[HTTP][39m [37m<-- GET /wd/hub/status [39m[32m200[39m [90m0 ms - 68[39m
[35m[HTTP][39m [90m[39m
[35m[HTTP][39m [37m-->[39m [37mPOST[39m [37m/wd/hub/session/31501f79-0974-4089-af19-536b7d33e1f7/timeouts[39m
[35m[HTTP][39m [90m{"implicit":60000}[39m
[debug] [35m[W3C (31501f79)][39m Calling AppiumDriver.timeouts() with args: [null,null,null,null,60000,"31501f79-0974-4089-af19-536b7d33e1f7"]
[debug] [35m[BaseDriver][39m W3C timeout argument: {"implicit":60000}}
[debug] [35m[BaseDriver][39m Set implicit wait to 60000ms
[debug] [35m[W3C (31501f79)][39m Responding to client with driver.timeouts() result: null
[35m[HTTP][39m [37m<-- POST /wd/hub/session/31501f79-0974-4089-af19-536b7d33e1f7/timeouts [39m[32m200[39m [90m2 ms - 14[39m
[35m[HTTP][39m [90m[39m
[35m[HTTP][39m [37m-->[39m [37mGET[39m [37m/wd/hub/session/31501f79-0974-4089-af19-536b7d33e1f7/screenshot[39m
[35m[HTTP][39m [90m{}[39m
[debug] [35m[W3C (31501f79)][39m Calling AppiumDriver.getScreenshot() with args: ["31501f79-0974-4089-af19-536b7d33e1f7"]
[debug] [35m[WD Proxy][39m Matched '/screenshot' to command name 'getScreenshot'
[debug] [35m[WD Proxy][39m Proxying [GET /screenshot] to [GET http://127.0.0.1:8255/wd/hub/session/6ebe8fbc-2539-4477-b1ab-f5250f161b5e/screenshot] with no body
[debug] [35m[WD Proxy][39m Got response with status 200: {"sessionId":"6ebe8fbc-2539-4477-b1ab-f5250f161b5e","value":"iVBORw0KGgoAAAANSUhEUgAABaAAAAwwCAYAAAAgXrdYAAAAAXNSR0IArs4c6QAAAARzQklUCAgI\nCHwIZIgAACAASURBVHic7N15fJTlvf//9z1bJgsQskAIImsgIAgIAgIKLriCVrHu9eDaU4+/tnY7\nXU63X89p3bXntN+ec3rqUo+20GqrKIIKBFmUTcKmIWwBQgIhy0Amk9nv7x/5ZnRIgCxzZxJ4PR8P\nH/a+5r6v65owGen7vu7PZXg89aYAAAAAAAAAAEgwW7InAAAAAAAAAAA4OxFAAwAAAAAAAAAsQQAN\nAAAAAAAAALAEATQAAAAAAAAAwBIE0AAAAAAAAAAASxBAAwAAAAAAAAAsQQANAAAAAAAAALAEATQA\nAAAAAAAAwBIE0AAAAAAAAAAASxBAAwAAAAAAAAAsQQANAAAAAAAAALAEATQAAAAAAAAAwBIE0AAA\nAAAAAAAASxBAAwAAAAAAAAAsQQANAAAAAAAAALAEATQAAAAAAAAAwBIE0AAAAAAAAAAASxBAAwAA\nAAAAAAAsQQANAAAAAAAAALAEATQAAAAAAAAAwBIE0AAAAAAAAAAASxBAAwAAAAAAAAAsQQANAAAA\nAAAAALAEATQAAAAAAAAAwBIE0AAAAAAAAAAASxBAAwAAAAAAAAAsQQANAAAAAAAAALAEATQAAAAA\nAAAAwBIE0AAAAAAAAAAASxBAAwAAAAAAAAAsQQANAAAAAAAAALAEATQAAAAAAAAAwBIE0AAAAAAA\nAAAASxBAAwAAAAAAAAAsQQANAAAAAAAAALAEATQAAAAAAAAAwBIE0AAAAAAAAAAASxBAAwAAAAAA\nAAAsQQANAAAAAAAAALAEATQAAAAAAAAAwBIE0AAAAAAAAAAASxBAAwAAAAAAAAAsQQANAAAAAAAA\nALAEATQAAAAAAAAAwBIE0AAA...
[debug] [35m[W3C (31501f79)][39m Responding to client with driver.getScreenshot() result: "iVBORw0KGgoAAAANSUhEUgAABaAAAAwwCAYAAAAgXrdYAAAAAXNSR0IArs4c6QAAAARzQklUCAgI\nCHwIZIgAACAASURBVHic7N15fJTlvf//9z1bJgsQskAIImsgIAgIAgIKLriCVrHu9eDaU4+/tnY7\nXU63X89p3bXntN+ec3rqUo+20GqrKIIKBFmUTcKmIWwBQgIhy0Amk9nv7x/5ZnRIgCxzZxJ4PR8P\nH/a+5r6v65owGen7vu7PZXg89aYAAAAAAAAAAEgwW7InAAAAAAAAAAA4OxFAAwAAAAAAAAAsQQAN\nAAAAAAAAALAEATQAAAAAAAAAwBIE0AAAAAAAAAAASxBAAwAAAAAAAAAsQQANAAAAAAAAALAEATQA\nAAAAAAAAwBIE0AAAAAAAAAAASxBAAwAAAAAAAAAsQQANAAAAAAAAALAEATQAAAAAAAAAwBIE0AAA\nAAAAAAAASxBAAwAAAAAAAAAsQQANAAAAAAAAALAEATQAAAAAAAAAwBIE0AAAAAAAAAAASxBAAwAA\nAAAAAAAsQQANAAAAAAAAALAEATQAAAAAAAAAwBIE0AAAAAAAAAAASxBAAwAAAAAAAAAsQQANAAAA\nAAAAALAEATQAAAAAAAAAwBIE0AAAAAAAAAAASxBAAwAAAAAAAAAsQQANAAAAAAAAALAEATQAAAAA\nAAAAwBIE0AAAAAAAAAAASxBAAwAAAAAAAAAsQQANAAAAAAAAALAEATQAAAAAAAAAwBIE0AAAAAAA\nAAAASxBAAwAAAAAAAAAsQQANAAAAAAAAALAEATQAAAAAAAAAwBIE0AAAAAAAAAAASxBAAwAAAAAA\nAAAsQQANAAAAAAAAALAEATQAAAAAAAAAwBIE0AAAAAAAAAAASxBAAwAAAAAAAAAsQQANAAAAAAAA\nALAEATQAAAAAAAAAwBIE0AAAAAAAAAAASxBAAwAAAAAAAAAs4Uj2BIBz2fHjx7Vjx3Zt3Vqs8vLD\namz0nf...
[35m[HTTP][39m [37m<-- GET /wd/hub/session/31501f79-0974-4089-af19-536b7d33e1f7/screenshot [39m[32m200[39m [90m325 ms - 182820[39m
[35m[HTTP][39m [90m[39m
[35m[HTTP][39m [37m-->[39m [37mGET[39m [37m/wd/hub/session/31501f79-0974-4089-af19-536b7d33e1f7/window/rect[39m
[35m[HTTP][39m [90m{}[39m
[debug] [35m[W3C (31501f79)][39m Calling AppiumDriver.getWindowRect() with args: ["31501f79-0974-4089-af19-536b7d33e1f7"]
[debug] [35m[WD Proxy][39m Matched '/window/current/size' to command name 'getWindowSize'
[debug] [35m[WD Proxy][39m Proxying [GET /window/current/size] to [GET http://127.0.0.1:8255/wd/hub/session/6ebe8fbc-2539-4477-b1ab-f5250f161b5e/window/current/size] with no body
[debug] [35m[WD Proxy][39m Got response with status 200: {"sessionId":"6ebe8fbc-2539-4477-b1ab-f5250f161b5e","value":{"height":2892,"width":1440}}
[debug] [35m[W3C (31501f79)][39m Responding to client with driver.getWindowRect() result: {"width":1440,"height":2892,"x":0,"y":0}
[35m[HTTP][39m [37m<-- GET /wd/hub/session/31501f79-0974-4089-af19-536b7d33e1f7/window/rect [39m[32m200[39m [90m13 ms - 50[39m
[35m[HTTP][39m [90m[39m
[35m[HTTP][39m [37m-->[39m [37mGET[39m [37m/wd/hub/session/31501f79-0974-4089-af19-536b7d33e1f7/appium/device/system_bars[39m
[35m[HTTP][39m [90m{}[39m
[debug] [35m[W3C (31501f79)][39m Calling AppiumDriver.getSystemBars() with args: ["31501f79-0974-4089-af19-536b7d33e1f7"]
[debug] [35m[ADB][39m Running 'C:\Users\rizky\.katalon\tools\android_sdk\platform-tools\adb.exe -P 5037 -s emulator-5554 shell dumpsys window windows'
[debug] [35m[W3C (31501f79)][39m Responding to client with driver.getSystemBars() result: {"statusBar":{"visible":true,"x":0,"y":0,"width":null,"height":1},"navigationBar":{"visible":true,"x":0,"y":0,"width":null,"height":1}}
[35m[HTTP][39m [37m<-- GET /wd/hub/session/31501f79-0974-4089-af19-536b7d33e1f7/appium/device/system_bars [39m[32m200[39m [90m46 ms - 145[39m
[35m[HTTP][39m [90m[39m
[35m[HTTP][39m [37m-->[39m [37mPOST[39m [37m/wd/hub/session/31501f79-0974-4089-af19-536b7d33e1f7/appium/device/activate_app[39m
[35m[HTTP][39m [90m{"bundleId":"com.codingid.codingidhive.betastaging"}[39m
[debug] [35m[W3C (31501f79)][39m Calling AppiumDriver.activateApp() with args: ["com.codingid.codingidhive.betastaging",null,null,null,"31501f79-0974-4089-af19-536b7d33e1f7"]
[debug] [35m[AndroidDriver][39m Activating 'com.codingid.codingidhive.betastaging' with 'adb shell monkey -p com.codingid.codingidhive.betastaging -c android.intent.category.LAUNCHER 1' command
[debug] [35m[ADB][39m Running 'C:\Users\rizky\.katalon\tools\android_sdk\platform-tools\adb.exe -P 5037 -s emulator-5554 shell monkey -p com.codingid.codingidhive.betastaging -c android.intent.category.LAUNCHER 1'
[debug] [35m[AndroidDriver][39m Command stdout: bash arg: -p
[debug] [35m[AndroidDriver][39m   bash arg: com.codingid.codingidhive.betastaging
[debug] [35m[AndroidDriver][39m   bash arg: -c
[debug] [35m[AndroidDriver][39m   bash arg: android.intent.category.LAUNCHER
[debug] [35m[AndroidDriver][39m   bash arg: 1
[debug] [35m[AndroidDriver][39m Events injected: 1
[debug] [35m[AndroidDriver][39m ## Network stats: elapsed time=11ms (0ms mobile, 0ms wifi, 11ms not connected)
[debug] [35m[W3C (31501f79)][39m Responding to client with driver.activateApp() result: null
[35m[HTTP][39m [37m<-- POST /wd/hub/session/31501f79-0974-4089-af19-536b7d33e1f7/appium/device/activate_app [39m[32m200[39m [90m212 ms - 14[39m
[35m[HTTP][39m [90m[39m
[35m[HTTP][39m [37m-->[39m [37mGET[39m [37m/wd/hub/session/31501f79-0974-4089-af19-536b7d33e1f7/source[39m
[35m[HTTP][39m [90m{}[39m
[35m[W3C (31501f79)][39m Driver proxy active, passing request on via HTTP proxy
[debug] [35m[WD Proxy][39m Matched '/wd/hub/session/31501f79-0974-4089-af19-536b7d33e1f7/source' to command name 'getPageSource'
[debug] [35m[WD Proxy][39m Proxying [GET /wd/hub/session/31501f79-0974-4089-af19-536b7d33e1f7/source] to [GET http://127.0.0.1:8255/wd/hub/session/6ebe8fbc-2539-4477-b1ab-f5250f161b5e/source] with no body
[debug] [35m[WD Proxy][39m Got response with status 200: {"sessionId":"6ebe8fbc-2539-4477-b1ab-f5250f161b5e","value":"<?xml version='1.0' encoding='UTF-8' standalone='yes' ?>\r\n<hierarchy index=\"0\" class=\"hierarchy\" rotation=\"0\" width=\"1440\" height=\"2892\">\r\n  <android.widget.FrameLayout index=\"0\" package=\"com.codingid.codingidhive.betastaging\" class=\"android.widget.FrameLayout\" text=\"\" checkable=\"false\" checked=\"false\" clickable=\"false\" enabled=\"true\" focusable=\"false\" focused=\"false\" long-clickable=\"false\" password=\"false\" scrollable=\"false\" selected=\"false\" bounds=\"[0,0][1440,2892]\" displayed=\"true\">\r\n    <android.widget.LinearLayout index=\"0\" package=\"com.codingid.codingidhive.betastaging\" class=\"android.widget.LinearLayout\" text=\"\" checkable=\"false\" checked=\"false\" clickable=\"false\" enabled=\"true\" focusable=\"false\" focused=\"false\" long-clickable=\"false\" password=\"false\" scrollable=\"false\" selected=\"false\" bounds=\"[0,0][1440,2892]\" displayed=\"true\">\r\n      <android.widget.FrameLa...
[35m[WD Proxy][39m Replacing sessionId 6ebe8fbc-2539-4477-b1ab-f5250f161b5e with 31501f79-0974-4089-af19-536b7d33e1f7
[35m[HTTP][39m [37m<-- GET /wd/hub/session/31501f79-0974-4089-af19-536b7d33e1f7/source [39m[32m200[39m [90m1253 ms - 80574[39m
[35m[HTTP][39m [90m[39m
[35m[HTTP][39m [37m-->[39m [37mGET[39m [37m/wd/hub/session/31501f79-0974-4089-af19-536b7d33e1f7/screenshot[39m
[35m[HTTP][39m [90m{}[39m
[debug] [35m[W3C (31501f79)][39m Calling AppiumDriver.getScreenshot() with args: ["31501f79-0974-4089-af19-536b7d33e1f7"]
[debug] [35m[WD Proxy][39m Matched '/screenshot' to command name 'getScreenshot'
[debug] [35m[WD Proxy][39m Proxying [GET /screenshot] to [GET http://127.0.0.1:8255/wd/hub/session/6ebe8fbc-2539-4477-b1ab-f5250f161b5e/screenshot] with no body
[debug] [35m[WD Proxy][39m Got response with status 200: {"sessionId":"6ebe8fbc-2539-4477-b1ab-f5250f161b5e","value":"iVBORw0KGgoAAAANSUhEUgAABaAAAAwwCAYAAAAgXrdYAAAAAXNSR0IArs4c6QAAAARzQklUCAgI\nCHwIZIgAACAASURBVHic7N13fCtpfe/x78yoy5Llbh/7+HT27NldtsECSwlLIPR6WZbQexLgAoGQ\nu0AusCSUEEiAhIQLCyRACm0XEkIIdcnSYftytpze3JvcJKvM3D905GPZsjW2NZbs83m/XvuCY49G\nj6XRSPo+v/k9xuNuPewIAAAAAAAAAIAqM2s9AAAAAAAAAADA1kQADQAAAAAAAADwBAE0AAAAAAAA\nAMATBNAAAAAAAAAAAE8QQAMAAAAAAAAAPEEADQAAAAAAAADwBAE0AAAAAAAAAMATBNAAAAAAAAAA\nAE8QQAMAAAAAAAAAPEEADQAAAAAAAADwBAE0AAAAAAAAAMATBNAAAAAAAAAAAE8QQAMAAAAAAAAA\nPEEADQAAAAAAAADwBAE0AAAAAAAAAMATBNAAAAAAAAAAAE8QQAMAAAAAAAAAPEEADQAAAAAAAADw\nBAE0AAAAAAAAAMATBNAAAAAAAAAAAE8QQAMAAAAAAAAAPEEADQAAAAAAAADwBAE0AAAAAAAAAMAT\nBNAAAAAAAAAAAE8QQAMAAAAAAAAAPEEADQAAAAAAAADwBAE0AAAAAAAAAMATBNAAAAAAAAAAAE8Q\nQAMAAAAAAAAAPEEADQAAAAAAAADwBAE0AAAAAAAAAMATBNAAAAAAAAAAAE8QQAMAAAAAAAAAPEEA\nDQAAAAAAAADwBAE0AAAAAAAAAMATBNAAAAAAAAAAAE8QQAMAAAAAAAAAPEEADQAAAAAAAADwBAE0\nAAAAAAAAAMATBNAAAAAAAAAAAE8QQAMAAAAAAAAAPEEADQAAAAAAAADwBAE0AAAAAAAAAMATBNAA\nAAAAAAAAAE8QQAMAAAAAAAAA...
[debug] [35m[W3C (31501f79)][39m Responding to client with driver.getScreenshot() result: "iVBORw0KGgoAAAANSUhEUgAABaAAAAwwCAYAAAAgXrdYAAAAAXNSR0IArs4c6QAAAARzQklUCAgI\nCHwIZIgAACAASURBVHic7N13fCtpfe/x78yoy5Llbh/7+HT27NldtsECSwlLIPR6WZbQexLgAoGQ\nu0AusCSUEEiAhIQLCyRACm0XEkIIdcnSYftytpze3JvcJKvM3D905GPZsjW2NZbs83m/XvuCY49G\nj6XRSPo+v/k9xuNuPewIAAAAAAAAAIAqM2s9AAAAAAAAAADA1kQADQAAAAAAAADwBAE0AAAAAAAA\nAMATBNAAAAAAAAAAAE8QQAMAAAAAAAAAPEEADQAAAAAAAADwBAE0AAAAAAAAAMATBNAAAAAAAAAA\nAE8QQAMAAAAAAAAAPEEADQAAAAAAAADwBAE0AAAAAAAAAMATBNAAAAAAAAAAAE8QQAMAAAAAAAAA\nPEEADQAAAAAAAADwBAE0AAAAAAAAAMATBNAAAAAAAAAAAE8QQAMAAAAAAAAAPEEADQAAAAAAAADw\nBAE0AAAAAAAAAMATBNAAAAAAAAAAAE8QQAMAAAAAAAAAPEEADQAAAAAAAADwBAE0AAAAAAAAAMAT\nBNAAAAAAAAAAAE8QQAMAAAAAAAAAPEEADQAAAAAAAADwBAE0AAAAAAAAAMATBNAAAAAAAAAAAE8Q\nQAMAAAAAAAAAPEEADQAAAAAAAADwBAE0AAAAAAAAAMATBNAAAAAAAAAAAE8QQAMAAAAAAAAAPEEA\nDQAAAAAAAADwBAE0AAAAAAAAAMATBNAAAAAAAAAAAE8QQAMAAAAAAAAAPEEADQAAAAAAAADwBAE0\nAAAAAAAAAMATBNAAAAAAAAAAAE8QQAMAAAAAAAAAPEEADQAAAAAAAADwBAE0AAAAAAAAAMATBNAA\nAAAAAAAAAE8QQAMAAAAAAAAAPEEADQAAAAAAAADwhK/WAwDOV4akloBPj26J6PEtDdrbEFDMZ8k5\n+ztJch...
[35m[HTTP][39m [37m<-- GET /wd/hub/session/31501f79-0974-4089-af19-536b7d33e1f7/screenshot [39m[32m200[39m [90m269 ms - 210760[39m
[35m[HTTP][39m [90m[39m
[35m[HTTP][39m [37m-->[39m [37mPOST[39m [37m/wd/hub/session/31501f79-0974-4089-af19-536b7d33e1f7/elements[39m
[35m[HTTP][39m [90m{"using":"xpath","value":"//*[@class = 'android.widget.TextView' and (@text = '󰁍' or . = '󰁍')]"}[39m
[debug] [35m[W3C (31501f79)][39m Calling AppiumDriver.findElements() with args: ["xpath","//*[@class = 'android.widget.TextView' and (@text = '󰁍' or . = '󰁍')]","31501f79-0974-4089-af19-536b7d33e1f7"]
[debug] [35m[BaseDriver][39m Valid locator strategies for this request: xpath, id, class name, accessibility id, css selector, -android uiautomator
[debug] [35m[BaseDriver][39m Waiting up to 60000 ms for condition
[debug] [35m[WD Proxy][39m Matched '/elements' to command name 'findElements'
[debug] [35m[WD Proxy][39m Proxying [POST /elements] to [POST http://127.0.0.1:8255/wd/hub/session/6ebe8fbc-2539-4477-b1ab-f5250f161b5e/elements] with body: {"strategy":"xpath","selector":"//*[@class = 'android.widget.TextView' and (@text = '󰁍' or . = '󰁍')]","context":"","multiple":true}
[debug] [35m[WD Proxy][39m Got response with status 200: {"sessionId":"6ebe8fbc-2539-4477-b1ab-f5250f161b5e","value":[{"ELEMENT":"00000000-0000-0210-ffff-ffff000001a5","element-6066-11e4-a52e-4f735466cecf":"00000000-0000-0210-ffff-ffff000001a5"}]}
[debug] [35m[W3C (31501f79)][39m Responding to client with driver.findElements() result: [{"element-6066-11e4-a52e-4f735466cecf":"00000000-0000-0210-ffff-ffff000001a5","ELEMENT":"00000000-0000-0210-ffff-ffff000001a5"}]
[35m[HTTP][39m [37m<-- POST /wd/hub/session/31501f79-0974-4089-af19-536b7d33e1f7/elements [39m[32m200[39m [90m699 ms - 139[39m
[35m[HTTP][39m [90m[39m
[35m[HTTP][39m [37m-->[39m [37mGET[39m [37m/wd/hub/session/31501f79-0974-4089-af19-536b7d33e1f7/window/rect[39m
[35m[HTTP][39m [90m{}[39m
[debug] [35m[W3C (31501f79)][39m Calling AppiumDriver.getWindowRect() with args: ["31501f79-0974-4089-af19-536b7d33e1f7"]
[debug] [35m[WD Proxy][39m Matched '/window/current/size' to command name 'getWindowSize'
[debug] [35m[WD Proxy][39m Proxying [GET /window/current/size] to [GET http://127.0.0.1:8255/wd/hub/session/6ebe8fbc-2539-4477-b1ab-f5250f161b5e/window/current/size] with no body
[debug] [35m[WD Proxy][39m Got response with status 200: {"sessionId":"6ebe8fbc-2539-4477-b1ab-f5250f161b5e","value":{"height":2892,"width":1440}}
[debug] [35m[W3C (31501f79)][39m Responding to client with driver.getWindowRect() result: {"width":1440,"height":2892,"x":0,"y":0}
[35m[HTTP][39m [37m<-- GET /wd/hub/session/31501f79-0974-4089-af19-536b7d33e1f7/window/rect [39m[32m200[39m [90m7 ms - 50[39m
[35m[HTTP][39m [90m[39m
[35m[HTTP][39m [37m-->[39m [37mPOST[39m [37m/wd/hub/session/31501f79-0974-4089-af19-536b7d33e1f7/elements[39m
[35m[HTTP][39m [90m{"using":"xpath","value":"//*[@class = 'android.widget.TextView' and (@text = '󰁍' or . = '󰁍')]"}[39m
[debug] [35m[W3C (31501f79)][39m Calling AppiumDriver.findElements() with args: ["xpath","//*[@class = 'android.widget.TextView' and (@text = '󰁍' or . = '󰁍')]","31501f79-0974-4089-af19-536b7d33e1f7"]
[debug] [35m[BaseDriver][39m Valid locator strategies for this request: xpath, id, class name, accessibility id, css selector, -android uiautomator
[debug] [35m[BaseDriver][39m Waiting up to 60000 ms for condition
[debug] [35m[WD Proxy][39m Matched '/elements' to command name 'findElements'
[debug] [35m[WD Proxy][39m Proxying [POST /elements] to [POST http://127.0.0.1:8255/wd/hub/session/6ebe8fbc-2539-4477-b1ab-f5250f161b5e/elements] with body: {"strategy":"xpath","selector":"//*[@class = 'android.widget.TextView' and (@text = '󰁍' or . = '󰁍')]","context":"","multiple":true}
[debug] [35m[WD Proxy][39m Got response with status 200: {"sessionId":"6ebe8fbc-2539-4477-b1ab-f5250f161b5e","value":[{"ELEMENT":"00000000-0000-0210-ffff-ffff000001a5","element-6066-11e4-a52e-4f735466cecf":"00000000-0000-0210-ffff-ffff000001a5"}]}
[debug] [35m[W3C (31501f79)][39m Responding to client with driver.findElements() result: [{"element-6066-11e4-a52e-4f735466cecf":"00000000-0000-0210-ffff-ffff000001a5","ELEMENT":"00000000-0000-0210-ffff-ffff000001a5"}]
[35m[HTTP][39m [37m<-- POST /wd/hub/session/31501f79-0974-4089-af19-536b7d33e1f7/elements [39m[32m200[39m [90m278 ms - 139[39m
[35m[HTTP][39m [90m[39m
[35m[HTTP][39m [37m-->[39m [37mGET[39m [37m/wd/hub/session/31501f79-0974-4089-af19-536b7d33e1f7/element/00000000-0000-0210-ffff-ffff000001a5/location[39m
[35m[HTTP][39m [90m{}[39m
[35m[W3C (31501f79)][39m Driver proxy active, passing request on via HTTP proxy
[debug] [35m[WD Proxy][39m Matched '/wd/hub/session/31501f79-0974-4089-af19-536b7d33e1f7/element/00000000-0000-0210-ffff-ffff000001a5/location' to command name 'getLocation'
[debug] [35m[WD Proxy][39m Proxying [GET /wd/hub/session/31501f79-0974-4089-af19-536b7d33e1f7/element/00000000-0000-0210-ffff-ffff000001a5/location] to [GET http://127.0.0.1:8255/wd/hub/session/6ebe8fbc-2539-4477-b1ab-f5250f161b5e/element/00000000-0000-0210-ffff-ffff000001a5/location] with no body
[debug] [35m[WD Proxy][39m Got response with status 200: {"sessionId":"6ebe8fbc-2539-4477-b1ab-f5250f161b5e","value":{"x":56,"y":190}}
[35m[WD Proxy][39m Replacing sessionId 6ebe8fbc-2539-4477-b1ab-f5250f161b5e with 31501f79-0974-4089-af19-536b7d33e1f7
[35m[HTTP][39m [37m<-- GET /wd/hub/session/31501f79-0974-4089-af19-536b7d33e1f7/element/00000000-0000-0210-ffff-ffff000001a5/location [39m[32m200[39m [90m10 ms - 77[39m
[35m[HTTP][39m [90m[39m
[35m[HTTP][39m [37m-->[39m [37mPOST[39m [37m/wd/hub/session/31501f79-0974-4089-af19-536b7d33e1f7/element/00000000-0000-0210-ffff-ffff000001a5/click[39m
[35m[HTTP][39m [90m{"id":"00000000-0000-0210-ffff-ffff000001a5"}[39m
[debug] [35m[W3C (31501f79)][39m Calling AppiumDriver.click() with args: ["00000000-0000-0210-ffff-ffff000001a5","31501f79-0974-4089-af19-536b7d33e1f7"]
[debug] [35m[WD Proxy][39m Matched '/element/00000000-0000-0210-ffff-ffff000001a5/click' to command name 'click'
[debug] [35m[WD Proxy][39m Proxying [POST /element/00000000-0000-0210-ffff-ffff000001a5/click] to [POST http://127.0.0.1:8255/wd/hub/session/6ebe8fbc-2539-4477-b1ab-f5250f161b5e/element/00000000-0000-0210-ffff-ffff000001a5/click] with body: {"element":"00000000-0000-0210-ffff-ffff000001a5"}
[debug] [35m[WD Proxy][39m Got response with status 200: {"sessionId":"6ebe8fbc-2539-4477-b1ab-f5250f161b5e","value":null}
[debug] [35m[W3C (31501f79)][39m Responding to client with driver.click() result: null
[35m[HTTP][39m [37m<-- POST /wd/hub/session/31501f79-0974-4089-af19-536b7d33e1f7/element/00000000-0000-0210-ffff-ffff000001a5/click [39m[32m200[39m [90m45 ms - 14[39m
[35m[HTTP][39m [90m[39m
[35m[HTTP][39m [37m-->[39m [37mGET[39m [37m/wd/hub/session/31501f79-0974-4089-af19-536b7d33e1f7/source[39m
[35m[HTTP][39m [90m{}[39m
[35m[W3C (31501f79)][39m Driver proxy active, passing request on via HTTP proxy
[debug] [35m[WD Proxy][39m Matched '/wd/hub/session/31501f79-0974-4089-af19-536b7d33e1f7/source' to command name 'getPageSource'
[debug] [35m[WD Proxy][39m Proxying [GET /wd/hub/session/31501f79-0974-4089-af19-536b7d33e1f7/source] to [GET http://127.0.0.1:8255/wd/hub/session/6ebe8fbc-2539-4477-b1ab-f5250f161b5e/source] with no body
[debug] [35m[WD Proxy][39m Got response with status 200: {"sessionId":"6ebe8fbc-2539-4477-b1ab-f5250f161b5e","value":"<?xml version='1.0' encoding='UTF-8' standalone='yes' ?>\r\n<hierarchy index=\"0\" class=\"hierarchy\" rotation=\"0\" width=\"1440\" height=\"2892\">\r\n  <android.widget.FrameLayout index=\"0\" package=\"com.codingid.codingidhive.betastaging\" class=\"android.widget.FrameLayout\" text=\"\" checkable=\"false\" checked=\"false\" clickable=\"false\" enabled=\"true\" focusable=\"false\" focused=\"false\" long-clickable=\"false\" password=\"false\" scrollable=\"false\" selected=\"false\" bounds=\"[0,0][1440,2892]\" displayed=\"true\">\r\n    <android.widget.LinearLayout index=\"0\" package=\"com.codingid.codingidhive.betastaging\" class=\"android.widget.LinearLayout\" text=\"\" checkable=\"false\" checked=\"false\" clickable=\"false\" enabled=\"true\" focusable=\"false\" focused=\"false\" long-clickable=\"false\" password=\"false\" scrollable=\"false\" selected=\"false\" bounds=\"[0,0][1440,2892]\" displayed=\"true\">\r\n      <android.widget.FrameLa...
[35m[WD Proxy][39m Replacing sessionId 6ebe8fbc-2539-4477-b1ab-f5250f161b5e with 31501f79-0974-4089-af19-536b7d33e1f7
[35m[HTTP][39m [37m<-- GET /wd/hub/session/31501f79-0974-4089-af19-536b7d33e1f7/source [39m[32m200[39m [90m709 ms - 61356[39m
[35m[HTTP][39m [90m[39m
[35m[HTTP][39m [37m-->[39m [37mGET[39m [37m/wd/hub/session/31501f79-0974-4089-af19-536b7d33e1f7/screenshot[39m
[35m[HTTP][39m [90m{}[39m
[debug] [35m[W3C (31501f79)][39m Calling AppiumDriver.getScreenshot() with args: ["31501f79-0974-4089-af19-536b7d33e1f7"]
[debug] [35m[WD Proxy][39m Matched '/screenshot' to command name 'getScreenshot'
[debug] [35m[WD Proxy][39m Proxying [GET /screenshot] to [GET http://127.0.0.1:8255/wd/hub/session/6ebe8fbc-2539-4477-b1ab-f5250f161b5e/screenshot] with no body
[debug] [35m[WD Proxy][39m Got response with status 200: {"sessionId":"6ebe8fbc-2539-4477-b1ab-f5250f161b5e","value":"iVBORw0KGgoAAAANSUhEUgAABaAAAAwwCAYAAAAgXrdYAAAAAXNSR0IArs4c6QAAAARzQklUCAgI\nCHwIZIgAACAASURBVHic7N15nGV3Xef/97n31r72nl7S6XQ6kAUkJJBBYBAcHVRcgAFR3EZ0XH8i\nAzoDOj8B93EZlRmVQRS3UREFQcdR0Z84rLJjQhJC9vS+V3XXeuve8/ujeqvq6r1OV3Xn+Xw8eDzo\n6rucqr51q/I63/P5Fs/74ANlAAAAAABgkdWW+gAAAAAAALg6CdAAAAAAAFRCgAYAAAAAoBICNAAA\nAAAAlRCgAQAAAACohAANAAAAAEAlBGgAAAAAACohQAMAAAAAUAkBGgAAAACASgjQAAAAAABUQoAG\nAAAAAKASAjQAAAAAAJUQoAEAAAAAqIQADQAAAABAJQRoAAAAAAAqIUADAAAAAFAJARoAAAAAgEoI\n0AAAAAAAVEKABgAAAACgEgI0AAAAAACVEKABAAAAAKiEAA0AAAAAQCUEaAAAAAAAKiFAAwAAAABQ\nCQEaAAAAAIBKCNAAAAAAAFRCgAYAAAAAoBICNAAAAAAAlRCgAQAAAACohAANAAAAAEAlBGgAAAAA\nACohQAMAAAAAUAkBGgAAAACASgjQAAAAAABUQoAGAAAAAKASAjQAAAAAAJUQoAEAAAAAqIQADQAA\nAABAJQRoAAAAAAAqIUADAAAAAFAJARoAAAAAgEoI0AAAAAAAVEKABgAAAACgEgI0AAAAAACVEKAB\nAAAAAKiEAA0AAAAAQCUaS30A8ERVJFnV2chzVvXm+av6s62/MwONespjf5ck5Sm33z81k3uPTOXv\n9x3JZ0YmcnSmPefvAQAAAGC5KZ73wQc0LLhMiiSDHfW87oY1eeaKnvTUaydi84VoJxlttvLXe47k\ntx49kLbvYgAAAACWIQEaLoMi...
[debug] [35m[W3C (31501f79)][39m Responding to client with driver.getScreenshot() result: "iVBORw0KGgoAAAANSUhEUgAABaAAAAwwCAYAAAAgXrdYAAAAAXNSR0IArs4c6QAAAARzQklUCAgI\nCHwIZIgAACAASURBVHic7N15nGV3Xef/97n31r72nl7S6XQ6kAUkJJBBYBAcHVRcgAFR3EZ0XH8i\nAzoDOj8B93EZlRmVQRS3UREFQcdR0Z84rLJjQhJC9vS+V3XXeuve8/ujeqvq6r1OV3Xn+Xw8eDzo\n6rucqr51q/I63/P5Fs/74ANlAAAAAABgkdWW+gAAAAAAALg6CdAAAAAAAFRCgAYAAAAAoBICNAAA\nAAAAlRCgAQAAAACohAANAAAAAEAlBGgAAAAAACohQAMAAAAAUAkBGgAAAACASgjQAAAAAABUQoAG\nAAAAAKASAjQAAAAAAJUQoAEAAAAAqIQADQAAAABAJQRoAAAAAAAqIUADAAAAAFAJARoAAAAAgEoI\n0AAAAAAAVEKABgAAAACgEgI0AAAAAACVEKABAAAAAKiEAA0AAAAAQCUEaAAAAAAAKiFAAwAAAABQ\nCQEaAAAAAIBKCNAAAAAAAFRCgAYAAAAAoBICNAAAAAAAlRCgAQAAAACohAANAAAAAEAlBGgAAAAA\nACohQAMAAAAAUAkBGgAAAACASgjQAAAAAABUQoAGAAAAAKASAjQAAAAAAJUQoAEAAAAAqIQADQAA\nAABAJQRoAAAAAAAqIUADAAAAAFAJARoAAAAAgEoI0AAAAAAAVEKABgAAAACgEgI0AAAAAACVEKAB\nAAAAAKiEAA0AAAAAQCUaS30A8ERVJFnV2chzVvXm+av6s62/MwONespjf5ck5Sm33z81k3uPTOXv\n9x3JZ0YmcnSmPefvAQAAAGC5KZ73wQc0LLhMiiSDHfW87oY1eeaKnvTUaydi84VoJxlttvLXe47k\ntx49kLbvYgAAAACWIQEaLoMiyfrujvzO0zelq15b1Nk37STbJ5r5ns9uz0SrvYiPDAAAAACXRoCG\nig131P...
[35m[HTTP][39m [37m<-- GET /wd/hub/session/31501f79-0974-4089-af19-536b7d33e1f7/screenshot [39m[32m200[39m [90m330 ms - 711402[39m
[35m[HTTP][39m [90m[39m
[35m[HTTP][39m [37m-->[39m [37mPOST[39m [37m/wd/hub/session/31501f79-0974-4089-af19-536b7d33e1f7/elements[39m
[35m[HTTP][39m [90m{"using":"xpath","value":"//*[@class = 'android.widget.TextView' and (@text = 'Login Here' or . = 'Login Here')]"}[39m
[debug] [35m[W3C (31501f79)][39m Calling AppiumDriver.findElements() with args: ["xpath","//*[@class = 'android.widget.TextView' and (@text = 'Login Here' or . = 'Login Here')]","31501f79-0974-4089-af19-536b7d33e1f7"]
[debug] [35m[BaseDriver][39m Valid locator strategies for this request: xpath, id, class name, accessibility id, css selector, -android uiautomator
[debug] [35m[BaseDriver][39m Waiting up to 60000 ms for condition
[debug] [35m[WD Proxy][39m Matched '/elements' to command name 'findElements'
[debug] [35m[WD Proxy][39m Proxying [POST /elements] to [POST http://127.0.0.1:8255/wd/hub/session/6ebe8fbc-2539-4477-b1ab-f5250f161b5e/elements] with body: {"strategy":"xpath","selector":"//*[@class = 'android.widget.TextView' and (@text = 'Login Here' or . = 'Login Here')]","context":"","multiple":true}
[debug] [35m[WD Proxy][39m Got response with status 200: {"sessionId":"6ebe8fbc-2539-4477-b1ab-f5250f161b5e","value":[{"ELEMENT":"00000000-0000-0210-ffff-ffff00000041","element-6066-11e4-a52e-4f735466cecf":"00000000-0000-0210-ffff-ffff00000041"}]}
[debug] [35m[W3C (31501f79)][39m Responding to client with driver.findElements() result: [{"element-6066-11e4-a52e-4f735466cecf":"00000000-0000-0210-ffff-ffff00000041","ELEMENT":"00000000-0000-0210-ffff-ffff00000041"}]
[35m[HTTP][39m [37m<-- POST /wd/hub/session/31501f79-0974-4089-af19-536b7d33e1f7/elements [39m[32m200[39m [90m211 ms - 139[39m
[35m[HTTP][39m [90m[39m
[35m[HTTP][39m [37m-->[39m [37mGET[39m [37m/wd/hub/session/31501f79-0974-4089-af19-536b7d33e1f7/window/rect[39m
[35m[HTTP][39m [90m{}[39m
[debug] [35m[W3C (31501f79)][39m Calling AppiumDriver.getWindowRect() with args: ["31501f79-0974-4089-af19-536b7d33e1f7"]
[debug] [35m[WD Proxy][39m Matched '/window/current/size' to command name 'getWindowSize'
[debug] [35m[WD Proxy][39m Proxying [GET /window/current/size] to [GET http://127.0.0.1:8255/wd/hub/session/6ebe8fbc-2539-4477-b1ab-f5250f161b5e/window/current/size] with no body
[debug] [35m[WD Proxy][39m Got response with status 200: {"sessionId":"6ebe8fbc-2539-4477-b1ab-f5250f161b5e","value":{"height":2892,"width":1440}}
[debug] [35m[W3C (31501f79)][39m Responding to client with driver.getWindowRect() result: {"width":1440,"height":2892,"x":0,"y":0}
[35m[HTTP][39m [37m<-- GET /wd/hub/session/31501f79-0974-4089-af19-536b7d33e1f7/window/rect [39m[32m200[39m [90m7 ms - 50[39m
[35m[HTTP][39m [90m[39m
[35m[HTTP][39m [37m-->[39m [37mPOST[39m [37m/wd/hub/session/31501f79-0974-4089-af19-536b7d33e1f7/elements[39m
[35m[HTTP][39m [90m{"using":"xpath","value":"//*[@class = 'android.widget.TextView' and (@text = 'Login Here' or . = 'Login Here')]"}[39m
[debug] [35m[W3C (31501f79)][39m Calling AppiumDriver.findElements() with args: ["xpath","//*[@class = 'android.widget.TextView' and (@text = 'Login Here' or . = 'Login Here')]","31501f79-0974-4089-af19-536b7d33e1f7"]
[debug] [35m[BaseDriver][39m Valid locator strategies for this request: xpath, id, class name, accessibility id, css selector, -android uiautomator
[debug] [35m[BaseDriver][39m Waiting up to 60000 ms for condition
[debug] [35m[WD Proxy][39m Matched '/elements' to command name 'findElements'
[debug] [35m[WD Proxy][39m Proxying [POST /elements] to [POST http://127.0.0.1:8255/wd/hub/session/6ebe8fbc-2539-4477-b1ab-f5250f161b5e/elements] with body: {"strategy":"xpath","selector":"//*[@class = 'android.widget.TextView' and (@text = 'Login Here' or . = 'Login Here')]","context":"","multiple":true}
[debug] [35m[WD Proxy][39m Got response with status 200: {"sessionId":"6ebe8fbc-2539-4477-b1ab-f5250f161b5e","value":[{"ELEMENT":"00000000-0000-0210-ffff-ffff00000041","element-6066-11e4-a52e-4f735466cecf":"00000000-0000-0210-ffff-ffff00000041"}]}
[debug] [35m[W3C (31501f79)][39m Responding to client with driver.findElements() result: [{"element-6066-11e4-a52e-4f735466cecf":"00000000-0000-0210-ffff-ffff00000041","ELEMENT":"00000000-0000-0210-ffff-ffff00000041"}]
[35m[HTTP][39m [37m<-- POST /wd/hub/session/31501f79-0974-4089-af19-536b7d33e1f7/elements [39m[32m200[39m [90m191 ms - 139[39m
[35m[HTTP][39m [90m[39m
[35m[HTTP][39m [37m-->[39m [37mGET[39m [37m/wd/hub/session/31501f79-0974-4089-af19-536b7d33e1f7/element/00000000-0000-0210-ffff-ffff00000041/location[39m
[35m[HTTP][39m [90m{}[39m
[35m[W3C (31501f79)][39m Driver proxy active, passing request on via HTTP proxy
[debug] [35m[WD Proxy][39m Matched '/wd/hub/session/31501f79-0974-4089-af19-536b7d33e1f7/element/00000000-0000-0210-ffff-ffff00000041/location' to command name 'getLocation'
[debug] [35m[WD Proxy][39m Proxying [GET /wd/hub/session/31501f79-0974-4089-af19-536b7d33e1f7/element/00000000-0000-0210-ffff-ffff00000041/location] to [GET http://127.0.0.1:8255/wd/hub/session/6ebe8fbc-2539-4477-b1ab-f5250f161b5e/element/00000000-0000-0210-ffff-ffff00000041/location] with no body
[debug] [35m[WD Proxy][39m Got response with status 200: {"sessionId":"6ebe8fbc-2539-4477-b1ab-f5250f161b5e","value":{"x":1039,"y":478}}
[35m[WD Proxy][39m Replacing sessionId 6ebe8fbc-2539-4477-b1ab-f5250f161b5e with 31501f79-0974-4089-af19-536b7d33e1f7
[35m[HTTP][39m [37m<-- GET /wd/hub/session/31501f79-0974-4089-af19-536b7d33e1f7/element/00000000-0000-0210-ffff-ffff00000041/location [39m[32m200[39m [90m10 ms - 79[39m
[35m[HTTP][39m [90m[39m
[35m[HTTP][39m [37m-->[39m [37mPOST[39m [37m/wd/hub/session/31501f79-0974-4089-af19-536b7d33e1f7/element/00000000-0000-0210-ffff-ffff00000041/click[39m
[35m[HTTP][39m [90m{"id":"00000000-0000-0210-ffff-ffff00000041"}[39m
[debug] [35m[W3C (31501f79)][39m Calling AppiumDriver.click() with args: ["00000000-0000-0210-ffff-ffff00000041","31501f79-0974-4089-af19-536b7d33e1f7"]
[debug] [35m[WD Proxy][39m Matched '/element/00000000-0000-0210-ffff-ffff00000041/click' to command name 'click'
[debug] [35m[WD Proxy][39m Proxying [POST /element/00000000-0000-0210-ffff-ffff00000041/click] to [POST http://127.0.0.1:8255/wd/hub/session/6ebe8fbc-2539-4477-b1ab-f5250f161b5e/element/00000000-0000-0210-ffff-ffff00000041/click] with body: {"element":"00000000-0000-0210-ffff-ffff00000041"}
[debug] [35m[WD Proxy][39m Got response with status 200: {"sessionId":"6ebe8fbc-2539-4477-b1ab-f5250f161b5e","value":null}
[debug] [35m[W3C (31501f79)][39m Responding to client with driver.click() result: null
[35m[HTTP][39m [37m<-- POST /wd/hub/session/31501f79-0974-4089-af19-536b7d33e1f7/element/00000000-0000-0210-ffff-ffff00000041/click [39m[32m200[39m [90m154 ms - 14[39m
[35m[HTTP][39m [90m[39m
[35m[HTTP][39m [37m-->[39m [37mGET[39m [37m/wd/hub/session/31501f79-0974-4089-af19-536b7d33e1f7/source[39m
[35m[HTTP][39m [90m{}[39m
[35m[W3C (31501f79)][39m Driver proxy active, passing request on via HTTP proxy
[debug] [35m[WD Proxy][39m Matched '/wd/hub/session/31501f79-0974-4089-af19-536b7d33e1f7/source' to command name 'getPageSource'
[debug] [35m[WD Proxy][39m Proxying [GET /wd/hub/session/31501f79-0974-4089-af19-536b7d33e1f7/source] to [GET http://127.0.0.1:8255/wd/hub/session/6ebe8fbc-2539-4477-b1ab-f5250f161b5e/source] with no body
[debug] [35m[WD Proxy][39m Got response with status 200: {"sessionId":"6ebe8fbc-2539-4477-b1ab-f5250f161b5e","value":"<?xml version='1.0' encoding='UTF-8' standalone='yes' ?>\r\n<hierarchy index=\"0\" class=\"hierarchy\" rotation=\"0\" width=\"1440\" height=\"2892\">\r\n  <android.widget.FrameLayout index=\"0\" package=\"com.codingid.codingidhive.betastaging\" class=\"android.widget.FrameLayout\" text=\"\" checkable=\"false\" checked=\"false\" clickable=\"false\" enabled=\"true\" focusable=\"false\" focused=\"false\" long-clickable=\"false\" password=\"false\" scrollable=\"false\" selected=\"false\" bounds=\"[0,0][1440,2892]\" displayed=\"true\">\r\n    <android.widget.LinearLayout index=\"0\" package=\"com.codingid.codingidhive.betastaging\" class=\"android.widget.LinearLayout\" text=\"\" checkable=\"false\" checked=\"false\" clickable=\"false\" enabled=\"true\" focusable=\"false\" focused=\"false\" long-clickable=\"false\" password=\"false\" scrollable=\"false\" selected=\"false\" bounds=\"[0,0][1440,2892]\" displayed=\"true\">\r\n      <android.widget.FrameLa...
[35m[WD Proxy][39m Replacing sessionId 6ebe8fbc-2539-4477-b1ab-f5250f161b5e with 31501f79-0974-4089-af19-536b7d33e1f7
[35m[HTTP][39m [37m<-- GET /wd/hub/session/31501f79-0974-4089-af19-536b7d33e1f7/source [39m[32m200[39m [90m766 ms - 80574[39m
[35m[HTTP][39m [90m[39m
[35m[HTTP][39m [37m-->[39m [37mGET[39m [37m/wd/hub/session/31501f79-0974-4089-af19-536b7d33e1f7/screenshot[39m
[35m[HTTP][39m [90m{}[39m
[debug] [35m[W3C (31501f79)][39m Calling AppiumDriver.getScreenshot() with args: ["31501f79-0974-4089-af19-536b7d33e1f7"]
[debug] [35m[WD Proxy][39m Matched '/screenshot' to command name 'getScreenshot'
[debug] [35m[WD Proxy][39m Proxying [GET /screenshot] to [GET http://127.0.0.1:8255/wd/hub/session/6ebe8fbc-2539-4477-b1ab-f5250f161b5e/screenshot] with no body
[debug] [35m[WD Proxy][39m Got response with status 200: {"sessionId":"6ebe8fbc-2539-4477-b1ab-f5250f161b5e","value":"iVBORw0KGgoAAAANSUhEUgAABaAAAAwwCAYAAAAgXrdYAAAAAXNSR0IArs4c6QAAAARzQklUCAgI\nCHwIZIgAACAASURBVHic7N13fCtpfe/x78yoy5Llbh/7+HT27NldtsECSwlLIPR6WZbQexLgAoGQ\nu0AusCSUEEiAhIQLCyRACm0XEkIIdcnSYftytpze3JvcJKvM3D905GPZsjW2NZbs83m/XvuCY49G\nj6XRSPo+v/k9xuNuPewIAAAAAAAAAIAqM2s9AAAAAAAAAADA1kQADQAAAAAAAADwBAE0AAAAAAAA\nAMATBNAAAAAAAAAAAE8QQAMAAAAAAAAAPEEADQAAAAAAAADwBAE0AAAAAAAAAMATBNAAAAAAAAAA\nAE8QQAMAAAAAAAAAPEEADQAAAAAAAADwBAE0AAAAAAAAAMATBNAAAAAAAAAAAE8QQAMAAAAAAAAA\nPEEADQAAAAAAAADwBAE0AAAAAAAAAMATBNAAAAAAAAAAAE8QQAMAAAAAAAAAPEEADQAAAAAAAADw\nBAE0AAAAAAAAAMATBNAAAAAAAAAAAE8QQAMAAAAAAAAAPEEADQAAAAAAAADwBAE0AAAAAAAAAMAT\nBNAAAAAAAAAAAE8QQAMAAAAAAAAAPEEADQAAAAAAAADwBAE0AAAAAAAAAMATBNAAAAAAAAAAAE8Q\nQAMAAAAAAAAAPEEADQAAAAAAAADwBAE0AAAAAAAAAMATBNAAAAAAAAAAAE8QQAMAAAAAAAAAPEEA\nDQAAAAAAAADwBAE0AAAAAAAAAMATBNAAAAAAAAAAAE8QQAMAAAAAAAAAPEEADQAAAAAAAADwBAE0\nAAAAAAAAAMATBNAAAAAAAAAAAE8QQAMAAAAAAAAAPEEADQAAAAAAAADwBAE0AAAAAAAAAMATBNAA\nAAAAAAAAAE8QQAMAAAAAAAAA...
[debug] [35m[W3C (31501f79)][39m Responding to client with driver.getScreenshot() result: "iVBORw0KGgoAAAANSUhEUgAABaAAAAwwCAYAAAAgXrdYAAAAAXNSR0IArs4c6QAAAARzQklUCAgI\nCHwIZIgAACAASURBVHic7N13fCtpfe/x78yoy5Llbh/7+HT27NldtsECSwlLIPR6WZbQexLgAoGQ\nu0AusCSUEEiAhIQLCyRACm0XEkIIdcnSYftytpze3JvcJKvM3D905GPZsjW2NZbs83m/XvuCY49G\nj6XRSPo+v/k9xuNuPewIAAAAAAAAAIAqM2s9AAAAAAAAAADA1kQADQAAAAAAAADwBAE0AAAAAAAA\nAMATBNAAAAAAAAAAAE8QQAMAAAAAAAAAPEEADQAAAAAAAADwBAE0AAAAAAAAAMATBNAAAAAAAAAA\nAE8QQAMAAAAAAAAAPEEADQAAAAAAAADwBAE0AAAAAAAAAMATBNAAAAAAAAAAAE8QQAMAAAAAAAAA\nPEEADQAAAAAAAADwBAE0AAAAAAAAAMATBNAAAAAAAAAAAE8QQAMAAAAAAAAAPEEADQAAAAAAAADw\nBAE0AAAAAAAAAMATBNAAAAAAAAAAAE8QQAMAAAAAAAAAPEEADQAAAAAAAADwBAE0AAAAAAAAAMAT\nBNAAAAAAAAAAAE8QQAMAAAAAAAAAPEEADQAAAAAAAADwBAE0AAAAAAAAAMATBNAAAAAAAAAAAE8Q\nQAMAAAAAAAAAPEEADQAAAAAAAADwBAE0AAAAAAAAAMATBNAAAAAAAAAAAE8QQAMAAAAAAAAAPEEA\nDQAAAAAAAADwBAE0AAAAAAAAAMATBNAAAAAAAAAAAE8QQAMAAAAAAAAAPEEADQAAAAAAAADwBAE0\nAAAAAAAAAMATBNAAAAAAAAAAAE8QQAMAAAAAAAAAPEEADQAAAAAAAADwBAE0AAAAAAAAAMATBNAA\nAAAAAAAAAE8QQAMAAAAAAAAAPEEADQAAAAAAAADwhK/WAwDOV4akloBPj26J6PEtDdrbEFDMZ8k5\n+ztJch...
[35m[HTTP][39m [37m<-- GET /wd/hub/session/31501f79-0974-4089-af19-536b7d33e1f7/screenshot [39m[32m200[39m [90m231 ms - 210768[39m
[35m[HTTP][39m [90m[39m
[35m[HTTP][39m [37m-->[39m [37mPOST[39m [37m/wd/hub/session/31501f79-0974-4089-af19-536b7d33e1f7/elements[39m
[35m[HTTP][39m [90m{"using":"xpath","value":"//*[@class = 'android.widget.TextView' and (@text = 'Sign In with Google' or . = 'Sign In with Google')]"}[39m
[debug] [35m[W3C (31501f79)][39m Calling AppiumDriver.findElements() with args: ["xpath","//*[@class = 'android.widget.TextView' and (@text = 'Sign In with Google' or . = 'Sign In with Google')]","31501f79-0974-4089-af19-536b7d33e1f7"]
[debug] [35m[BaseDriver][39m Valid locator strategies for this request: xpath, id, class name, accessibility id, css selector, -android uiautomator
[debug] [35m[BaseDriver][39m Waiting up to 60000 ms for condition
[debug] [35m[WD Proxy][39m Matched '/elements' to command name 'findElements'
[debug] [35m[WD Proxy][39m Proxying [POST /elements] to [POST http://127.0.0.1:8255/wd/hub/session/6ebe8fbc-2539-4477-b1ab-f5250f161b5e/elements] with body: {"strategy":"xpath","selector":"//*[@class = 'android.widget.TextView' and (@text = 'Sign In with Google' or . = 'Sign In with Google')]","context":"","multiple":true}
[debug] [35m[WD Proxy][39m Got response with status 200: {"sessionId":"6ebe8fbc-2539-4477-b1ab-f5250f161b5e","value":[{"ELEMENT":"00000000-0000-0210-ffff-ffff00000215","element-6066-11e4-a52e-4f735466cecf":"00000000-0000-0210-ffff-ffff00000215"}]}
[debug] [35m[W3C (31501f79)][39m Responding to client with driver.findElements() result: [{"element-6066-11e4-a52e-4f735466cecf":"00000000-0000-0210-ffff-ffff00000215","ELEMENT":"00000000-0000-0210-ffff-ffff00000215"}]
[35m[HTTP][39m [37m<-- POST /wd/hub/session/31501f79-0974-4089-af19-536b7d33e1f7/elements [39m[32m200[39m [90m251 ms - 139[39m
[35m[HTTP][39m [90m[39m
[35m[HTTP][39m [37m-->[39m [37mGET[39m [37m/wd/hub/session/31501f79-0974-4089-af19-536b7d33e1f7/window/rect[39m
[35m[HTTP][39m [90m{}[39m
[debug] [35m[W3C (31501f79)][39m Calling AppiumDriver.getWindowRect() with args: ["31501f79-0974-4089-af19-536b7d33e1f7"]
[debug] [35m[WD Proxy][39m Matched '/window/current/size' to command name 'getWindowSize'
[debug] [35m[WD Proxy][39m Proxying [GET /window/current/size] to [GET http://127.0.0.1:8255/wd/hub/session/6ebe8fbc-2539-4477-b1ab-f5250f161b5e/window/current/size] with no body
[debug] [35m[WD Proxy][39m Got response with status 200: {"sessionId":"6ebe8fbc-2539-4477-b1ab-f5250f161b5e","value":{"height":2892,"width":1440}}
[debug] [35m[W3C (31501f79)][39m Responding to client with driver.getWindowRect() result: {"width":1440,"height":2892,"x":0,"y":0}
[35m[HTTP][39m [37m<-- GET /wd/hub/session/31501f79-0974-4089-af19-536b7d33e1f7/window/rect [39m[32m200[39m [90m6 ms - 50[39m
[35m[HTTP][39m [90m[39m
[35m[HTTP][39m [37m-->[39m [37mPOST[39m [37m/wd/hub/session/31501f79-0974-4089-af19-536b7d33e1f7/elements[39m
[35m[HTTP][39m [90m{"using":"xpath","value":"//*[@class = 'android.widget.TextView' and (@text = 'Sign In with Google' or . = 'Sign In with Google')]"}[39m
[debug] [35m[W3C (31501f79)][39m Calling AppiumDriver.findElements() with args: ["xpath","//*[@class = 'android.widget.TextView' and (@text = 'Sign In with Google' or . = 'Sign In with Google')]","31501f79-0974-4089-af19-536b7d33e1f7"]
[debug] [35m[BaseDriver][39m Valid locator strategies for this request: xpath, id, class name, accessibility id, css selector, -android uiautomator
[debug] [35m[BaseDriver][39m Waiting up to 60000 ms for condition
[debug] [35m[WD Proxy][39m Matched '/elements' to command name 'findElements'
[debug] [35m[WD Proxy][39m Proxying [POST /elements] to [POST http://127.0.0.1:8255/wd/hub/session/6ebe8fbc-2539-4477-b1ab-f5250f161b5e/elements] with body: {"strategy":"xpath","selector":"//*[@class = 'android.widget.TextView' and (@text = 'Sign In with Google' or . = 'Sign In with Google')]","context":"","multiple":true}
[debug] [35m[WD Proxy][39m Got response with status 200: {"sessionId":"6ebe8fbc-2539-4477-b1ab-f5250f161b5e","value":[{"ELEMENT":"00000000-0000-0210-ffff-ffff00000215","element-6066-11e4-a52e-4f735466cecf":"00000000-0000-0210-ffff-ffff00000215"}]}
[debug] [35m[W3C (31501f79)][39m Responding to client with driver.findElements() result: [{"element-6066-11e4-a52e-4f735466cecf":"00000000-0000-0210-ffff-ffff00000215","ELEMENT":"00000000-0000-0210-ffff-ffff00000215"}]
[35m[HTTP][39m [37m<-- POST /wd/hub/session/31501f79-0974-4089-af19-536b7d33e1f7/elements [39m[32m200[39m [90m229 ms - 139[39m
[35m[HTTP][39m [90m[39m
[35m[HTTP][39m [37m-->[39m [37mGET[39m [37m/wd/hub/session/31501f79-0974-4089-af19-536b7d33e1f7/element/00000000-0000-0210-ffff-ffff00000215/location[39m
[35m[HTTP][39m [90m{}[39m
[35m[W3C (31501f79)][39m Driver proxy active, passing request on via HTTP proxy
[debug] [35m[WD Proxy][39m Matched '/wd/hub/session/31501f79-0974-4089-af19-536b7d33e1f7/element/00000000-0000-0210-ffff-ffff00000215/location' to command name 'getLocation'
[debug] [35m[WD Proxy][39m Proxying [GET /wd/hub/session/31501f79-0974-4089-af19-536b7d33e1f7/element/00000000-0000-0210-ffff-ffff00000215/location] to [GET http://127.0.0.1:8255/wd/hub/session/6ebe8fbc-2539-4477-b1ab-f5250f161b5e/element/00000000-0000-0210-ffff-ffff00000215/location] with no body
[debug] [35m[WD Proxy][39m Got response with status 200: {"sessionId":"6ebe8fbc-2539-4477-b1ab-f5250f161b5e","value":{"x":596,"y":2570}}
[35m[WD Proxy][39m Replacing sessionId 6ebe8fbc-2539-4477-b1ab-f5250f161b5e with 31501f79-0974-4089-af19-536b7d33e1f7
[35m[HTTP][39m [37m<-- GET /wd/hub/session/31501f79-0974-4089-af19-536b7d33e1f7/element/00000000-0000-0210-ffff-ffff00000215/location [39m[32m200[39m [90m9 ms - 79[39m
[35m[HTTP][39m [90m[39m
[35m[HTTP][39m [37m-->[39m [37mPOST[39m [37m/wd/hub/session/31501f79-0974-4089-af19-536b7d33e1f7/element/00000000-0000-0210-ffff-ffff00000215/click[39m
[35m[HTTP][39m [90m{"id":"00000000-0000-0210-ffff-ffff00000215"}[39m
[debug] [35m[W3C (31501f79)][39m Calling AppiumDriver.click() with args: ["00000000-0000-0210-ffff-ffff00000215","31501f79-0974-4089-af19-536b7d33e1f7"]
[debug] [35m[WD Proxy][39m Matched '/element/00000000-0000-0210-ffff-ffff00000215/click' to command name 'click'
[debug] [35m[WD Proxy][39m Proxying [POST /element/00000000-0000-0210-ffff-ffff00000215/click] to [POST http://127.0.0.1:8255/wd/hub/session/6ebe8fbc-2539-4477-b1ab-f5250f161b5e/element/00000000-0000-0210-ffff-ffff00000215/click] with body: {"element":"00000000-0000-0210-ffff-ffff00000215"}
[debug] [35m[WD Proxy][39m Got response with status 200: {"sessionId":"6ebe8fbc-2539-4477-b1ab-f5250f161b5e","value":null}
[debug] [35m[W3C (31501f79)][39m Responding to client with driver.click() result: null
[35m[HTTP][39m [37m<-- POST /wd/hub/session/31501f79-0974-4089-af19-536b7d33e1f7/element/00000000-0000-0210-ffff-ffff00000215/click [39m[32m200[39m [90m65 ms - 14[39m
[35m[HTTP][39m [90m[39m
[35m[HTTP][39m [37m-->[39m [37mGET[39m [37m/wd/hub/session/31501f79-0974-4089-af19-536b7d33e1f7/source[39m
[35m[HTTP][39m [90m{}[39m
[35m[W3C (31501f79)][39m Driver proxy active, passing request on via HTTP proxy
[debug] [35m[WD Proxy][39m Matched '/wd/hub/session/31501f79-0974-4089-af19-536b7d33e1f7/source' to command name 'getPageSource'
[debug] [35m[WD Proxy][39m Proxying [GET /wd/hub/session/31501f79-0974-4089-af19-536b7d33e1f7/source] to [GET http://127.0.0.1:8255/wd/hub/session/6ebe8fbc-2539-4477-b1ab-f5250f161b5e/source] with no body
[debug] [35m[WD Proxy][39m Got response with status 200: {"sessionId":"6ebe8fbc-2539-4477-b1ab-f5250f161b5e","value":"<?xml version='1.0' encoding='UTF-8' standalone='yes' ?>\r\n<hierarchy index=\"0\" class=\"hierarchy\" rotation=\"0\" width=\"1440\" height=\"2892\">\r\n  <android.widget.FrameLayout index=\"0\" package=\"com.google.android.gms\" class=\"android.widget.FrameLayout\" text=\"\" checkable=\"false\" checked=\"false\" clickable=\"false\" enabled=\"true\" focusable=\"false\" focused=\"false\" long-clickable=\"false\" password=\"false\" scrollable=\"false\" selected=\"false\" bounds=\"[0,0][1440,2892]\" displayed=\"true\">\r\n    <android.widget.LinearLayout index=\"0\" package=\"com.google.android.gms\" class=\"android.widget.LinearLayout\" text=\"\" checkable=\"false\" checked=\"false\" clickable=\"false\" enabled=\"true\" focusable=\"false\" focused=\"false\" long-clickable=\"false\" password=\"false\" scrollable=\"false\" selected=\"false\" bounds=\"[0,0][1440,2892]\" displayed=\"true\">\r\n      <android.widget.FrameLayout index=\"0\" package=\"com...
[35m[WD Proxy][39m Replacing sessionId 6ebe8fbc-2539-4477-b1ab-f5250f161b5e with 31501f79-0974-4089-af19-536b7d33e1f7
[35m[HTTP][39m [37m<-- GET /wd/hub/session/31501f79-0974-4089-af19-536b7d33e1f7/source [39m[32m200[39m [90m2710 ms - 11990[39m
[35m[HTTP][39m [90m[39m
[35m[HTTP][39m [37m-->[39m [37mGET[39m [37m/wd/hub/session/31501f79-0974-4089-af19-536b7d33e1f7/screenshot[39m
[35m[HTTP][39m [90m{}[39m
[debug] [35m[W3C (31501f79)][39m Calling AppiumDriver.getScreenshot() with args: ["31501f79-0974-4089-af19-536b7d33e1f7"]
[debug] [35m[WD Proxy][39m Matched '/screenshot' to command name 'getScreenshot'
[debug] [35m[WD Proxy][39m Proxying [GET /screenshot] to [GET http://127.0.0.1:8255/wd/hub/session/6ebe8fbc-2539-4477-b1ab-f5250f161b5e/screenshot] with no body
[debug] [35m[WD Proxy][39m Got response with status 200: {"sessionId":"6ebe8fbc-2539-4477-b1ab-f5250f161b5e","value":"iVBORw0KGgoAAAANSUhEUgAABaAAAAwwCAYAAAAgXrdYAAAAAXNSR0IArs4c6QAAAARzQklUCAgI\nCHwIZIgAACAASURBVHic7N15nFxlne/x7zmn1t63dHfSCeksJAFCIBggrAKKyCIgIuM6joqM21xx\nFpUZ56Xe6zDO5ja4jMwFVASVqygoMIqyqIAJCIQt+55O0ulO713dtZxz/6hUd1eq965T2/m8Xy99\nkU51ndOdqjrP8z2/5/cY13xxhyMAWZVIJOQ4vLUAYK4SiYSi0Wi+TwMAgFlzHEe2bef7NAAUKD4f\nSofjOIrH4+RB4zDzfQJAKTIMI9+nAAAlIZFI5PsUAACYE8MwmB8AgAcYhiHLsvJ9GgWJABpwAQNM\nAMgOKkIAAKWA+QGA8VApW3pM05RpErcej98I4AKqHABg7mzbZlAOACgJzA8AwDssy+Iz/zgE0IBL\n+LABgLmh+hkAUEqoiANwPIotShOtODJxBQRcQgANAHNDAA0AKDXMEQDAG0zTJIQegwAacAnL7ABg\nbgigAQClhipoAClUP5c++kGP4rcAuIgAGgBmh/7PAIBSRRgBAN6QasVBNkQADbjKNE0+aABgFqh+\nBgCUKlZKApCogPYK+kEnEUADLmNwCQAzl0gk8n0KAAC4hjkCAHgHrTgIoAHXMbgEgJlxHIeKEABA\nSaMKGvA2xrre4/VWHATQgMsYXALAzND/GQDgBcwRAMA7vN6KgwAayAEGlwAwffR/BgB4AYUqgHdR\nbOFNpml6NoQmgAZygIElAEwfATQAwCuYJwCAt5im6cnPfgJoIAeobgCA6XEchwAaAOAZzBMA76H6\n2du82oqDABrIEQaWADA1wmcAgNcwTwAAb/FiKw4CaCBHvLrMAgBmIpFI5PsUAADIKaqgAW+hAhqS\nZFmWTNM7sax3flKgADCwBIDJ...
[debug] [35m[W3C (31501f79)][39m Responding to client with driver.getScreenshot() result: "iVBORw0KGgoAAAANSUhEUgAABaAAAAwwCAYAAAAgXrdYAAAAAXNSR0IArs4c6QAAAARzQklUCAgI\nCHwIZIgAACAASURBVHic7N15nFxlne/x7zmn1t63dHfSCeksJAFCIBggrAKKyCIgIuM6joqM21xx\nFpUZ56Xe6zDO5ja4jMwFVASVqygoMIqyqIAJCIQt+55O0ulO713dtZxz/6hUd1eq965T2/m8Xy99\nkU51ndOdqjrP8z2/5/cY13xxhyMAWZVIJOQ4vLUAYK4SiYSi0Wi+TwMAgFlzHEe2bef7NAAUKD4f\nSofjOIrH4+RB4zDzfQJAKTIMI9+nAAAlIZFI5PsUAACYE8MwmB8AgAcYhiHLsvJ9GgWJABpwAQNM\nAMgOKkIAAKWA+QGA8VApW3pM05RpErcej98I4AKqHABg7mzbZlAOACgJzA8AwDssy+Iz/zgE0IBL\n+LABgLmh+hkAUEqoiANwPIotShOtODJxBQRcQgANAHNDAA0AKDXMEQDAG0zTJIQegwAacAnL7ABg\nbgigAQClhipoAClUP5c++kGP4rcAuIgAGgBmh/7PAIBSRRgBAN6QasVBNkQADbjKNE0+aABgFqh+\nBgCUKlZKApCogPYK+kEnEUADLmNwCQAzl0gk8n0KAAC4hjkCAHgHrTgIoAHXMbgEgJlxHIeKEABA\nSaMKGvA2xrre4/VWHATQgMsYXALAzND/GQDgBcwRAMA7vN6KgwAayAEGlwAwffR/BgB4AYUqgHdR\nbOFNpml6NoQmgAZygIElAEwfATQAwCuYJwCAt5im6cnPfgJoIAeobgCA6XEchwAaAOAZzBMA76H6\n2du82oqDABrIEQaWADA1wmcAgNcwTwAAb/FiKw4CaCBHvLrMAgBmIpFI5PsUAADIKaqgAW+hAhqS\nZFmWTNM7sax3flKgADCwBIDJUQENAPAi5gkA4D2WZXnm858AGsghr3ywAMBs2LZNRQgAwJOogga8\ngbEuxv...
[35m[HTTP][39m [37m<-- GET /wd/hub/session/31501f79-0974-4089-af19-536b7d33e1f7/screenshot [39m[32m200[39m [90m236 ms - 100100[39m
[35m[HTTP][39m [90m[39m
[debug] [35m[Instrumentation][39m The process has exited with code 0
